running egg_info
creating ../../../build/jax_servo_interfacing/jax_servo_interfacing.egg-info
writing ../../../build/jax_servo_interfacing/jax_servo_interfacing.egg-info/PKG-INFO
writing dependency_links to ../../../build/jax_servo_interfacing/jax_servo_interfacing.egg-info/dependency_links.txt
writing entry points to ../../../build/jax_servo_interfacing/jax_servo_interfacing.egg-info/entry_points.txt
writing requirements to ../../../build/jax_servo_interfacing/jax_servo_interfacing.egg-info/requires.txt
writing top-level names to ../../../build/jax_servo_interfacing/jax_servo_interfacing.egg-info/top_level.txt
writing manifest file '../../../build/jax_servo_interfacing/jax_servo_interfacing.egg-info/SOURCES.txt'
reading manifest file '../../../build/jax_servo_interfacing/jax_servo_interfacing.egg-info/SOURCES.txt'
writing manifest file '../../../build/jax_servo_interfacing/jax_servo_interfacing.egg-info/SOURCES.txt'
running build
running build_py
creating /home/tdp378/Jax_Quadruped_ros2/build/jax_servo_interfacing/build
creating /home/tdp378/Jax_Quadruped_ros2/build/jax_servo_interfacing/build/lib
creating /home/tdp378/Jax_Quadruped_ros2/build/jax_servo_interfacing/build/lib/jax_servo_interfacing
copying jax_servo_interfacing/servo_math.py -> /home/tdp378/Jax_Quadruped_ros2/build/jax_servo_interfacing/build/lib/jax_servo_interfacing
copying jax_servo_interfacing/__init__.py -> /home/tdp378/Jax_Quadruped_ros2/build/jax_servo_interfacing/build/lib/jax_servo_interfacing
copying jax_servo_interfacing/pose_interpolator.py -> /home/tdp378/Jax_Quadruped_ros2/build/jax_servo_interfacing/build/lib/jax_servo_interfacing
copying jax_servo_interfacing/jax_servo_node.py -> /home/tdp378/Jax_Quadruped_ros2/build/jax_servo_interfacing/build/lib/jax_servo_interfacing
running install
running install_lib
creating /home/tdp378/Jax_Quadruped_ros2/install/jax_servo_interfacing/lib/python3.10/site-packages/jax_servo_interfacing
copying /home/tdp378/Jax_Quadruped_ros2/build/jax_servo_interfacing/build/lib/jax_servo_interfacing/servo_math.py -> /home/tdp378/Jax_Quadruped_ros2/install/jax_servo_interfacing/lib/python3.10/site-packages/jax_servo_interfacing
copying /home/tdp378/Jax_Quadruped_ros2/build/jax_servo_interfacing/build/lib/jax_servo_interfacing/__init__.py -> /home/tdp378/Jax_Quadruped_ros2/install/jax_servo_interfacing/lib/python3.10/site-packages/jax_servo_interfacing
copying /home/tdp378/Jax_Quadruped_ros2/build/jax_servo_interfacing/build/lib/jax_servo_interfacing/pose_interpolator.py -> /home/tdp378/Jax_Quadruped_ros2/install/jax_servo_interfacing/lib/python3.10/site-packages/jax_servo_interfacing
copying /home/tdp378/Jax_Quadruped_ros2/build/jax_servo_interfacing/build/lib/jax_servo_interfacing/jax_servo_node.py -> /home/tdp378/Jax_Quadruped_ros2/install/jax_servo_interfacing/lib/python3.10/site-packages/jax_servo_interfacing
byte-compiling /home/tdp378/Jax_Quadruped_ros2/install/jax_servo_interfacing/lib/python3.10/site-packages/jax_servo_interfacing/servo_math.py to servo_math.cpython-310.pyc
byte-compiling /home/tdp378/Jax_Quadruped_ros2/install/jax_servo_interfacing/lib/python3.10/site-packages/jax_servo_interfacing/__init__.py to __init__.cpython-310.pyc
byte-compiling /home/tdp378/Jax_Quadruped_ros2/install/jax_servo_interfacing/lib/python3.10/site-packages/jax_servo_interfacing/pose_interpolator.py to pose_interpolator.cpython-310.pyc
byte-compiling /home/tdp378/Jax_Quadruped_ros2/install/jax_servo_interfacing/lib/python3.10/site-packages/jax_servo_interfacing/jax_servo_node.py to jax_servo_node.cpython-310.pyc
running install_data
creating /home/tdp378/Jax_Quadruped_ros2/install/jax_servo_interfacing/share/ament_index
creating /home/tdp378/Jax_Quadruped_ros2/install/jax_servo_interfacing/share/ament_index/resource_index
creating /home/tdp378/Jax_Quadruped_ros2/install/jax_servo_interfacing/share/ament_index/resource_index/packages
copying resource/jax_servo_interfacing -> /home/tdp378/Jax_Quadruped_ros2/install/jax_servo_interfacing/share/ament_index/resource_index/packages
copying package.xml -> /home/tdp378/Jax_Quadruped_ros2/install/jax_servo_interfacing/share/jax_servo_interfacing
creating /home/tdp378/Jax_Quadruped_ros2/install/jax_servo_interfacing/share/jax_servo_interfacing/launch
copying launch/jax_servo.launch.py -> /home/tdp378/Jax_Quadruped_ros2/install/jax_servo_interfacing/share/jax_servo_interfacing/launch
running install_egg_info
Copying ../../../build/jax_servo_interfacing/jax_servo_interfacing.egg-info to /home/tdp378/Jax_Quadruped_ros2/install/jax_servo_interfacing/lib/python3.10/site-packages/jax_servo_interfacing-0.0.0-py3.10.egg-info
running install_scripts
Installing jax_servo_node script to /home/tdp378/Jax_Quadruped_ros2/install/jax_servo_interfacing/lib/jax_servo_interfacing
writing list of installed files to '/home/tdp378/Jax_Quadruped_ros2/build/jax_servo_interfacing/install.log'
