running develop
running egg_info
creating jax_servo_interfacing.egg-info
writing jax_servo_interfacing.egg-info/PKG-INFO
writing dependency_links to jax_servo_interfacing.egg-info/dependency_links.txt
writing entry points to jax_servo_interfacing.egg-info/entry_points.txt
writing requirements to jax_servo_interfacing.egg-info/requires.txt
writing top-level names to jax_servo_interfacing.egg-info/top_level.txt
writing manifest file 'jax_servo_interfacing.egg-info/SOURCES.txt'
reading manifest file 'jax_servo_interfacing.egg-info/SOURCES.txt'
writing manifest file 'jax_servo_interfacing.egg-info/SOURCES.txt'
running build_ext
Creating /home/tdp378/Jax_Quadruped_ros2/jax_ws/install/jax_servo_interfacing/lib/python3.10/site-packages/jax-servo-interfacing.egg-link (link to .)
Installing jax_servo_node script to /home/tdp378/Jax_Quadruped_ros2/jax_ws/install/jax_servo_interfacing/lib/jax_servo_interfacing

Installed /home/tdp378/Jax_Quadruped_ros2/jax_ws/build/jax_servo_interfacing
running symlink_data
creating /home/tdp378/Jax_Quadruped_ros2/jax_ws/install/jax_servo_interfacing/share/ament_index
creating /home/tdp378/Jax_Quadruped_ros2/jax_ws/install/jax_servo_interfacing/share/ament_index/resource_index
creating /home/tdp378/Jax_Quadruped_ros2/jax_ws/install/jax_servo_interfacing/share/ament_index/resource_index/packages
symbolically linking /home/tdp378/Jax_Quadruped_ros2/jax_ws/build/jax_servo_interfacing/resource/jax_servo_interfacing -> /home/tdp378/Jax_Quadruped_ros2/jax_ws/install/jax_servo_interfacing/share/ament_index/resource_index/packages
symbolically linking /home/tdp378/Jax_Quadruped_ros2/jax_ws/build/jax_servo_interfacing/package.xml -> /home/tdp378/Jax_Quadruped_ros2/jax_ws/install/jax_servo_interfacing/share/jax_servo_interfacing
creating /home/tdp378/Jax_Quadruped_ros2/jax_ws/install/jax_servo_interfacing/share/jax_servo_interfacing/launch
symbolically linking /home/tdp378/Jax_Quadruped_ros2/jax_ws/build/jax_servo_interfacing/launch/jax_servo.launch.py -> /home/tdp378/Jax_Quadruped_ros2/jax_ws/install/jax_servo_interfacing/share/jax_servo_interfacing/launch
