[0.410s] DEBUG:colcon:Command line arguments: ['/usr/bin/colcon', 'build', '--symlink-install']
[0.410s] DEBUG:colcon:Parsed command line arguments: Namespace(log_base=None, log_level=None, verb_name='build', build_base='build', install_base='install', merge_install=False, symlink_install=True, test_result_base=None, continue_on_error=False, executor='parallel', parallel_workers=4, event_handlers=None, ignore_user_meta=False, metas=['./colcon.meta'], base_paths=['.'], packages_ignore=None, packages_ignore_regex=None, paths=None, packages_up_to=None, packages_up_to_regex=None, packages_above=None, packages_above_and_dependencies=None, packages_above_depth=None, packages_select_by_dep=None, packages_skip_by_dep=None, packages_skip_up_to=None, packages_select_build_failed=False, packages_skip_build_finished=False, packages_select_test_failures=False, packages_skip_test_passed=False, packages_select=None, packages_skip=None, packages_select_regex=None, packages_skip_regex=None, packages_start=None, packages_end=None, allow_overriding=[], cmake_args=None, cmake_target=None, cmake_target_skip_unavailable=False, cmake_clean_cache=False, cmake_clean_first=False, cmake_force_configure=False, ament_cmake_args=None, catkin_cmake_args=None, catkin_skip_building_tests=False, verb_parser=<colcon_defaults.argument_parser.defaults.DefaultArgumentsDecorator object at 0xffffbdcd1d20>, verb_extension=<colcon_core.verb.build.BuildVerb object at 0xffffbdde31f0>, main=<bound method BuildVerb.main of <colcon_core.verb.build.BuildVerb object at 0xffffbdde31f0>>)
[1.058s] Level 1:colcon.colcon_core.package_discovery:discover_packages(colcon_meta) check parameters
[1.058s] Level 1:colcon.colcon_core.package_discovery:discover_packages(recursive) check parameters
[1.059s] Level 1:colcon.colcon_core.package_discovery:discover_packages(ignore) check parameters
[1.059s] Level 1:colcon.colcon_core.package_discovery:discover_packages(path) check parameters
[1.059s] Level 1:colcon.colcon_core.package_discovery:discover_packages(colcon_meta) discover
[1.059s] Level 1:colcon.colcon_core.package_discovery:discover_packages(recursive) discover
[1.059s] INFO:colcon.colcon_core.package_discovery:Crawling recursively for packages in '/home/tdp378/Jax_Quadruped_ros2/jax_ws'
[1.060s] Level 1:colcon.colcon_core.package_identification:_identify(.) by extensions ['ignore', 'ignore_ament_install']
[1.060s] Level 1:colcon.colcon_core.package_identification:_identify(.) by extension 'ignore'
[1.060s] Level 1:colcon.colcon_core.package_identification:_identify(.) by extension 'ignore_ament_install'
[1.060s] Level 1:colcon.colcon_core.package_identification:_identify(.) by extensions ['colcon_pkg']
[1.061s] Level 1:colcon.colcon_core.package_identification:_identify(.) by extension 'colcon_pkg'
[1.061s] Level 1:colcon.colcon_core.package_identification:_identify(.) by extensions ['colcon_meta']
[1.061s] Level 1:colcon.colcon_core.package_identification:_identify(.) by extension 'colcon_meta'
[1.061s] Level 1:colcon.colcon_core.package_identification:_identify(.) by extensions ['ros']
[1.061s] Level 1:colcon.colcon_core.package_identification:_identify(.) by extension 'ros'
[1.105s] Level 1:colcon.colcon_core.package_identification:_identify(.) by extensions ['cmake', 'python']
[1.105s] Level 1:colcon.colcon_core.package_identification:_identify(.) by extension 'cmake'
[1.105s] Level 1:colcon.colcon_core.package_identification:_identify(.) by extension 'python'
[1.106s] Level 1:colcon.colcon_core.package_identification:_identify(.) by extensions ['python_setup_py']
[1.106s] Level 1:colcon.colcon_core.package_identification:_identify(.) by extension 'python_setup_py'
[1.106s] Level 1:colcon.colcon_core.package_identification:_identify(build) by extensions ['ignore', 'ignore_ament_install']
[1.106s] Level 1:colcon.colcon_core.package_identification:_identify(build) by extension 'ignore'
[1.107s] Level 1:colcon.colcon_core.package_identification:_identify(build) ignored
[1.107s] Level 1:colcon.colcon_core.package_identification:_identify(install) by extensions ['ignore', 'ignore_ament_install']
[1.107s] Level 1:colcon.colcon_core.package_identification:_identify(install) by extension 'ignore'
[1.108s] Level 1:colcon.colcon_core.package_identification:_identify(install) ignored
[1.108s] Level 1:colcon.colcon_core.package_identification:_identify(log) by extensions ['ignore', 'ignore_ament_install']
[1.108s] Level 1:colcon.colcon_core.package_identification:_identify(log) by extension 'ignore'
[1.109s] Level 1:colcon.colcon_core.package_identification:_identify(log) ignored
[1.109s] Level 1:colcon.colcon_core.package_identification:_identify(src) by extensions ['ignore', 'ignore_ament_install']
[1.109s] Level 1:colcon.colcon_core.package_identification:_identify(src) by extension 'ignore'
[1.109s] Level 1:colcon.colcon_core.package_identification:_identify(src) by extension 'ignore_ament_install'
[1.110s] Level 1:colcon.colcon_core.package_identification:_identify(src) by extensions ['colcon_pkg']
[1.110s] Level 1:colcon.colcon_core.package_identification:_identify(src) by extension 'colcon_pkg'
[1.110s] Level 1:colcon.colcon_core.package_identification:_identify(src) by extensions ['colcon_meta']
[1.110s] Level 1:colcon.colcon_core.package_identification:_identify(src) by extension 'colcon_meta'
[1.110s] Level 1:colcon.colcon_core.package_identification:_identify(src) by extensions ['ros']
[1.110s] Level 1:colcon.colcon_core.package_identification:_identify(src) by extension 'ros'
[1.111s] Level 1:colcon.colcon_core.package_identification:_identify(src) by extensions ['cmake', 'python']
[1.111s] Level 1:colcon.colcon_core.package_identification:_identify(src) by extension 'cmake'
[1.111s] Level 1:colcon.colcon_core.package_identification:_identify(src) by extension 'python'
[1.111s] Level 1:colcon.colcon_core.package_identification:_identify(src) by extensions ['python_setup_py']
[1.111s] Level 1:colcon.colcon_core.package_identification:_identify(src) by extension 'python_setup_py'
[1.112s] Level 1:colcon.colcon_core.package_identification:_identify(src/jax_description) by extensions ['ignore', 'ignore_ament_install']
[1.112s] Level 1:colcon.colcon_core.package_identification:_identify(src/jax_description) by extension 'ignore'
[1.112s] Level 1:colcon.colcon_core.package_identification:_identify(src/jax_description) by extension 'ignore_ament_install'
[1.112s] Level 1:colcon.colcon_core.package_identification:_identify(src/jax_description) by extensions ['colcon_pkg']
[1.112s] Level 1:colcon.colcon_core.package_identification:_identify(src/jax_description) by extension 'colcon_pkg'
[1.113s] Level 1:colcon.colcon_core.package_identification:_identify(src/jax_description) by extensions ['colcon_meta']
[1.113s] Level 1:colcon.colcon_core.package_identification:_identify(src/jax_description) by extension 'colcon_meta'
[1.113s] Level 1:colcon.colcon_core.package_identification:_identify(src/jax_description) by extensions ['ros']
[1.113s] Level 1:colcon.colcon_core.package_identification:_identify(src/jax_description) by extension 'ros'
[1.121s] DEBUG:colcon.colcon_core.package_identification:Failed to parse potential ROS package manifest in'src/jax_description': Error(s) in package 'src/jax_description/package.xml':
The manifest contains invalid XML:
no element found: line 2, column 0
[1.122s] Level 1:colcon.colcon_core.package_identification:_identify(src/jax_description) by extensions ['cmake', 'python']
[1.122s] Level 1:colcon.colcon_core.package_identification:_identify(src/jax_description) by extension 'cmake'
[1.122s] Level 1:colcon.colcon_core.package_identification:_identify(src/jax_description) by extension 'python'
[1.122s] Level 1:colcon.colcon_core.package_identification:_identify(src/jax_description) by extensions ['python_setup_py']
[1.122s] Level 1:colcon.colcon_core.package_identification:_identify(src/jax_description) by extension 'python_setup_py'
[2.183s] ERROR:colcon.colcon_core.package_identification:Exception in package identification extension 'python_setup_py' in 'src/jax_description': Command '['/usr/bin/python3', '-c', 'import sys;from contextlib import suppress;exec("with suppress(ImportError):    from setuptools.extern.packaging.specifiers    import SpecifierSet");exec("with suppress(ImportError):    from packaging.specifiers import SpecifierSet");from distutils.core import run_setup;dist = run_setup(    \'setup.py\', script_args=(\'--dry-run\',), stop_after=\'config\');skip_keys = (\'cmdclass\', \'distclass\', \'ext_modules\', \'metadata\');data = {    key: value for key, value in dist.__dict__.items()     if (        not key.startswith(\'_\') and         not callable(value) and         key not in skip_keys and         key not in dist.display_option_names    )};data[\'metadata\'] = {    k: v for k, v in dist.metadata.__dict__.items()     if k not in (\'license_files\', \'provides_extras\')};sys.stdout.buffer.write(repr(data).encode(\'utf-8\'))']' returned non-zero exit status 1.
Traceback (most recent call last):
  File "/usr/lib/python3/dist-packages/colcon_core/package_identification/__init__.py", line 144, in _identify
    retval = extension.identify(_reused_descriptor_instance)
  File "/usr/lib/python3/dist-packages/colcon_python_setup_py/package_identification/python_setup_py.py", line 48, in identify
    config = get_setup_information(setup_py)
  File "/usr/lib/python3/dist-packages/colcon_python_setup_py/package_identification/python_setup_py.py", line 249, in get_setup_information
    _setup_information_cache[hashable_env] = _get_setup_information(
  File "/usr/lib/python3/dist-packages/colcon_python_setup_py/package_identification/python_setup_py.py", line 296, in _get_setup_information
    result = subprocess.run(
  File "/usr/lib/python3.10/subprocess.py", line 526, in run
    raise CalledProcessError(retcode, process.args,
subprocess.CalledProcessError: Command '['/usr/bin/python3', '-c', 'import sys;from contextlib import suppress;exec("with suppress(ImportError):    from setuptools.extern.packaging.specifiers    import SpecifierSet");exec("with suppress(ImportError):    from packaging.specifiers import SpecifierSet");from distutils.core import run_setup;dist = run_setup(    \'setup.py\', script_args=(\'--dry-run\',), stop_after=\'config\');skip_keys = (\'cmdclass\', \'distclass\', \'ext_modules\', \'metadata\');data = {    key: value for key, value in dist.__dict__.items()     if (        not key.startswith(\'_\') and         not callable(value) and         key not in skip_keys and         key not in dist.display_option_names    )};data[\'metadata\'] = {    k: v for k, v in dist.metadata.__dict__.items()     if k not in (\'license_files\', \'provides_extras\')};sys.stdout.buffer.write(repr(data).encode(\'utf-8\'))']' returned non-zero exit status 1.

[2.184s] Level 1:colcon.colcon_core.package_identification:_identify(src/jax_description/jax_description) by extensions ['ignore', 'ignore_ament_install']
[2.185s] Level 1:colcon.colcon_core.package_identification:_identify(src/jax_description/jax_description) by extension 'ignore'
[2.185s] Level 1:colcon.colcon_core.package_identification:_identify(src/jax_description/jax_description) by extension 'ignore_ament_install'
[2.185s] Level 1:colcon.colcon_core.package_identification:_identify(src/jax_description/jax_description) by extensions ['colcon_pkg']
[2.186s] Level 1:colcon.colcon_core.package_identification:_identify(src/jax_description/jax_description) by extension 'colcon_pkg'
[2.186s] Level 1:colcon.colcon_core.package_identification:_identify(src/jax_description/jax_description) by extensions ['colcon_meta']
[2.186s] Level 1:colcon.colcon_core.package_identification:_identify(src/jax_description/jax_description) by extension 'colcon_meta'
[2.186s] Level 1:colcon.colcon_core.package_identification:_identify(src/jax_description/jax_description) by extensions ['ros']
[2.186s] Level 1:colcon.colcon_core.package_identification:_identify(src/jax_description/jax_description) by extension 'ros'
[2.187s] Level 1:colcon.colcon_core.package_identification:_identify(src/jax_description/jax_description) by extensions ['cmake', 'python']
[2.187s] Level 1:colcon.colcon_core.package_identification:_identify(src/jax_description/jax_description) by extension 'cmake'
[2.187s] Level 1:colcon.colcon_core.package_identification:_identify(src/jax_description/jax_description) by extension 'python'
[2.187s] Level 1:colcon.colcon_core.package_identification:_identify(src/jax_description/jax_description) by extensions ['python_setup_py']
[2.187s] Level 1:colcon.colcon_core.package_identification:_identify(src/jax_description/jax_description) by extension 'python_setup_py'
[2.188s] Level 1:colcon.colcon_core.package_identification:_identify(src/jax_description/launch) by extensions ['ignore', 'ignore_ament_install']
[2.188s] Level 1:colcon.colcon_core.package_identification:_identify(src/jax_description/launch) by extension 'ignore'
[2.188s] Level 1:colcon.colcon_core.package_identification:_identify(src/jax_description/launch) by extension 'ignore_ament_install'
[2.189s] Level 1:colcon.colcon_core.package_identification:_identify(src/jax_description/launch) by extensions ['colcon_pkg']
[2.189s] Level 1:colcon.colcon_core.package_identification:_identify(src/jax_description/launch) by extension 'colcon_pkg'
[2.189s] Level 1:colcon.colcon_core.package_identification:_identify(src/jax_description/launch) by extensions ['colcon_meta']
[2.189s] Level 1:colcon.colcon_core.package_identification:_identify(src/jax_description/launch) by extension 'colcon_meta'
[2.189s] Level 1:colcon.colcon_core.package_identification:_identify(src/jax_description/launch) by extensions ['ros']
[2.189s] Level 1:colcon.colcon_core.package_identification:_identify(src/jax_description/launch) by extension 'ros'
[2.190s] Level 1:colcon.colcon_core.package_identification:_identify(src/jax_description/launch) by extensions ['cmake', 'python']
[2.190s] Level 1:colcon.colcon_core.package_identification:_identify(src/jax_description/launch) by extension 'cmake'
[2.190s] Level 1:colcon.colcon_core.package_identification:_identify(src/jax_description/launch) by extension 'python'
[2.190s] Level 1:colcon.colcon_core.package_identification:_identify(src/jax_description/launch) by extensions ['python_setup_py']
[2.190s] Level 1:colcon.colcon_core.package_identification:_identify(src/jax_description/launch) by extension 'python_setup_py'
[2.191s] Level 1:colcon.colcon_core.package_identification:_identify(src/jax_description/meshes) by extensions ['ignore', 'ignore_ament_install']
[2.191s] Level 1:colcon.colcon_core.package_identification:_identify(src/jax_description/meshes) by extension 'ignore'
[2.192s] Level 1:colcon.colcon_core.package_identification:_identify(src/jax_description/meshes) by extension 'ignore_ament_install'
[2.192s] Level 1:colcon.colcon_core.package_identification:_identify(src/jax_description/meshes) by extensions ['colcon_pkg']
[2.192s] Level 1:colcon.colcon_core.package_identification:_identify(src/jax_description/meshes) by extension 'colcon_pkg'
[2.192s] Level 1:colcon.colcon_core.package_identification:_identify(src/jax_description/meshes) by extensions ['colcon_meta']
[2.193s] Level 1:colcon.colcon_core.package_identification:_identify(src/jax_description/meshes) by extension 'colcon_meta'
[2.193s] Level 1:colcon.colcon_core.package_identification:_identify(src/jax_description/meshes) by extensions ['ros']
[2.193s] Level 1:colcon.colcon_core.package_identification:_identify(src/jax_description/meshes) by extension 'ros'
[2.194s] Level 1:colcon.colcon_core.package_identification:_identify(src/jax_description/meshes) by extensions ['cmake', 'python']
[2.194s] Level 1:colcon.colcon_core.package_identification:_identify(src/jax_description/meshes) by extension 'cmake'
[2.194s] Level 1:colcon.colcon_core.package_identification:_identify(src/jax_description/meshes) by extension 'python'
[2.194s] Level 1:colcon.colcon_core.package_identification:_identify(src/jax_description/meshes) by extensions ['python_setup_py']
[2.194s] Level 1:colcon.colcon_core.package_identification:_identify(src/jax_description/meshes) by extension 'python_setup_py'
[2.195s] Level 1:colcon.colcon_core.package_identification:_identify(src/jax_description/urdf) by extensions ['ignore', 'ignore_ament_install']
[2.195s] Level 1:colcon.colcon_core.package_identification:_identify(src/jax_description/urdf) by extension 'ignore'
[2.196s] Level 1:colcon.colcon_core.package_identification:_identify(src/jax_description/urdf) by extension 'ignore_ament_install'
[2.196s] Level 1:colcon.colcon_core.package_identification:_identify(src/jax_description/urdf) by extensions ['colcon_pkg']
[2.196s] Level 1:colcon.colcon_core.package_identification:_identify(src/jax_description/urdf) by extension 'colcon_pkg'
[2.196s] Level 1:colcon.colcon_core.package_identification:_identify(src/jax_description/urdf) by extensions ['colcon_meta']
[2.197s] Level 1:colcon.colcon_core.package_identification:_identify(src/jax_description/urdf) by extension 'colcon_meta'
[2.197s] Level 1:colcon.colcon_core.package_identification:_identify(src/jax_description/urdf) by extensions ['ros']
[2.197s] Level 1:colcon.colcon_core.package_identification:_identify(src/jax_description/urdf) by extension 'ros'
[2.198s] Level 1:colcon.colcon_core.package_identification:_identify(src/jax_description/urdf) by extensions ['cmake', 'python']
[2.198s] Level 1:colcon.colcon_core.package_identification:_identify(src/jax_description/urdf) by extension 'cmake'
[2.198s] Level 1:colcon.colcon_core.package_identification:_identify(src/jax_description/urdf) by extension 'python'
[2.198s] Level 1:colcon.colcon_core.package_identification:_identify(src/jax_description/urdf) by extensions ['python_setup_py']
[2.198s] Level 1:colcon.colcon_core.package_identification:_identify(src/jax_description/urdf) by extension 'python_setup_py'
[2.199s] Level 1:colcon.colcon_core.package_identification:_identify(src/jax_servo_interfacing) by extensions ['ignore', 'ignore_ament_install']
[2.199s] Level 1:colcon.colcon_core.package_identification:_identify(src/jax_servo_interfacing) by extension 'ignore'
[2.200s] Level 1:colcon.colcon_core.package_identification:_identify(src/jax_servo_interfacing) by extension 'ignore_ament_install'
[2.200s] Level 1:colcon.colcon_core.package_identification:_identify(src/jax_servo_interfacing) by extensions ['colcon_pkg']
[2.200s] Level 1:colcon.colcon_core.package_identification:_identify(src/jax_servo_interfacing) by extension 'colcon_pkg'
[2.200s] Level 1:colcon.colcon_core.package_identification:_identify(src/jax_servo_interfacing) by extensions ['colcon_meta']
[2.201s] Level 1:colcon.colcon_core.package_identification:_identify(src/jax_servo_interfacing) by extension 'colcon_meta'
[2.201s] Level 1:colcon.colcon_core.package_identification:_identify(src/jax_servo_interfacing) by extensions ['ros']
[2.201s] Level 1:colcon.colcon_core.package_identification:_identify(src/jax_servo_interfacing) by extension 'ros'
[2.207s] DEBUG:colcon.colcon_core.package_identification:Package 'src/jax_servo_interfacing' with type 'ros.ament_python' and name 'jax_servo_interfacing'
[2.208s] Level 1:colcon.colcon_core.package_discovery:discover_packages(recursive) using defaults
[2.208s] Level 1:colcon.colcon_core.package_discovery:discover_packages(ignore) discover
[2.208s] Level 1:colcon.colcon_core.package_discovery:discover_packages(ignore) using defaults
[2.208s] Level 1:colcon.colcon_core.package_discovery:discover_packages(path) discover
[2.208s] Level 1:colcon.colcon_core.package_discovery:discover_packages(path) using defaults
[2.282s] Level 1:colcon.colcon_core.package_discovery:discover_packages(prefix_path) check parameters
[2.282s] Level 1:colcon.colcon_core.package_discovery:discover_packages(prefix_path) discover
[2.293s] DEBUG:colcon.colcon_installed_package_information.package_discovery:Found 183 installed packages in /opt/ros/humble
[2.298s] Level 1:colcon.colcon_core.package_discovery:discover_packages(prefix_path) using defaults
[2.446s] Level 5:colcon.colcon_core.verb:set package 'jax_servo_interfacing' build argument 'cmake_args' from command line to 'None'
[2.446s] Level 5:colcon.colcon_core.verb:set package 'jax_servo_interfacing' build argument 'cmake_target' from command line to 'None'
[2.446s] Level 5:colcon.colcon_core.verb:set package 'jax_servo_interfacing' build argument 'cmake_target_skip_unavailable' from command line to 'False'
[2.447s] Level 5:colcon.colcon_core.verb:set package 'jax_servo_interfacing' build argument 'cmake_clean_cache' from command line to 'False'
[2.447s] Level 5:colcon.colcon_core.verb:set package 'jax_servo_interfacing' build argument 'cmake_clean_first' from command line to 'False'
[2.447s] Level 5:colcon.colcon_core.verb:set package 'jax_servo_interfacing' build argument 'cmake_force_configure' from command line to 'False'
[2.447s] Level 5:colcon.colcon_core.verb:set package 'jax_servo_interfacing' build argument 'ament_cmake_args' from command line to 'None'
[2.447s] Level 5:colcon.colcon_core.verb:set package 'jax_servo_interfacing' build argument 'catkin_cmake_args' from command line to 'None'
[2.447s] Level 5:colcon.colcon_core.verb:set package 'jax_servo_interfacing' build argument 'catkin_skip_building_tests' from command line to 'False'
[2.447s] DEBUG:colcon.colcon_core.verb:Building package 'jax_servo_interfacing' with the following arguments: {'ament_cmake_args': None, 'build_base': '/home/tdp378/Jax_Quadruped_ros2/jax_ws/build/jax_servo_interfacing', 'catkin_cmake_args': None, 'catkin_skip_building_tests': False, 'cmake_args': None, 'cmake_clean_cache': False, 'cmake_clean_first': False, 'cmake_force_configure': False, 'cmake_target': None, 'cmake_target_skip_unavailable': False, 'install_base': '/home/tdp378/Jax_Quadruped_ros2/jax_ws/install/jax_servo_interfacing', 'merge_install': False, 'path': '/home/tdp378/Jax_Quadruped_ros2/jax_ws/src/jax_servo_interfacing', 'symlink_install': True, 'test_result_base': None}
[2.448s] INFO:colcon.colcon_core.executor:Executing jobs using 'parallel' executor
[2.451s] DEBUG:colcon.colcon_parallel_executor.executor.parallel:run_until_complete
[2.452s] INFO:colcon.colcon_ros.task.ament_python.build:Building ROS package in '/home/tdp378/Jax_Quadruped_ros2/jax_ws/src/jax_servo_interfacing' with build type 'ament_python'
[2.453s] Level 1:colcon.colcon_core.shell:create_environment_hook('jax_servo_interfacing', 'ament_prefix_path')
[2.461s] INFO:colcon.colcon_core.plugin_system:Skipping extension 'colcon_core.shell.bat': Not used on non-Windows systems
[2.462s] INFO:colcon.colcon_core.shell:Creating environment hook '/home/tdp378/Jax_Quadruped_ros2/jax_ws/install/jax_servo_interfacing/share/jax_servo_interfacing/hook/ament_prefix_path.ps1'
[2.465s] INFO:colcon.colcon_core.shell:Creating environment descriptor '/home/tdp378/Jax_Quadruped_ros2/jax_ws/install/jax_servo_interfacing/share/jax_servo_interfacing/hook/ament_prefix_path.dsv'
[2.467s] INFO:colcon.colcon_core.shell:Creating environment hook '/home/tdp378/Jax_Quadruped_ros2/jax_ws/install/jax_servo_interfacing/share/jax_servo_interfacing/hook/ament_prefix_path.sh'
[2.470s] INFO:colcon.colcon_core.shell:Skip shell extension 'powershell' for command environment: Not usable outside of PowerShell
[2.470s] DEBUG:colcon.colcon_core.shell:Skip shell extension 'dsv' for command environment
[3.488s] INFO:colcon.colcon_core.task.python.build:Building Python package in '/home/tdp378/Jax_Quadruped_ros2/jax_ws/src/jax_servo_interfacing'
[3.489s] INFO:colcon.colcon_core.shell:Skip shell extension 'powershell' for command environment: Not usable outside of PowerShell
[3.489s] DEBUG:colcon.colcon_core.shell:Skip shell extension 'dsv' for command environment
[4.944s] DEBUG:colcon.colcon_core.event_handler.log_command:Invoking command in '/home/tdp378/Jax_Quadruped_ros2/jax_ws/build/jax_servo_interfacing': PYTHONPATH=/home/tdp378/Jax_Quadruped_ros2/jax_ws/build/jax_servo_interfacing/prefix_override:/usr/lib/python3/dist-packages/colcon_core/task/python/colcon_distutils_commands:/home/tdp378/Jax_Quadruped_ros2/jax_ws/install/jax_servo_interfacing/lib/python3.10/site-packages:${PYTHONPATH} /usr/bin/python3 -W ignore:setup.py install is deprecated -W ignore:easy_install command is deprecated setup.py develop --editable --build-directory /home/tdp378/Jax_Quadruped_ros2/jax_ws/build/jax_servo_interfacing/build --no-deps symlink_data
[6.668s] Level 1:colcon.colcon_core.shell:create_environment_hook('jax_servo_interfacing', 'pythonpath_develop')
[6.669s] INFO:colcon.colcon_core.shell:Creating environment hook '/home/tdp378/Jax_Quadruped_ros2/jax_ws/build/jax_servo_interfacing/share/jax_servo_interfacing/hook/pythonpath_develop.ps1'
[6.670s] DEBUG:colcon.colcon_core.event_handler.log_command:Invoked command in '/home/tdp378/Jax_Quadruped_ros2/jax_ws/build/jax_servo_interfacing' returned '0': PYTHONPATH=/home/tdp378/Jax_Quadruped_ros2/jax_ws/build/jax_servo_interfacing/prefix_override:/usr/lib/python3/dist-packages/colcon_core/task/python/colcon_distutils_commands:/home/tdp378/Jax_Quadruped_ros2/jax_ws/install/jax_servo_interfacing/lib/python3.10/site-packages:${PYTHONPATH} /usr/bin/python3 -W ignore:setup.py install is deprecated -W ignore:easy_install command is deprecated setup.py develop --editable --build-directory /home/tdp378/Jax_Quadruped_ros2/jax_ws/build/jax_servo_interfacing/build --no-deps symlink_data
[6.672s] INFO:colcon.colcon_core.shell:Creating environment descriptor '/home/tdp378/Jax_Quadruped_ros2/jax_ws/build/jax_servo_interfacing/share/jax_servo_interfacing/hook/pythonpath_develop.dsv'
[6.674s] INFO:colcon.colcon_core.shell:Creating environment hook '/home/tdp378/Jax_Quadruped_ros2/jax_ws/build/jax_servo_interfacing/share/jax_servo_interfacing/hook/pythonpath_develop.sh'
[6.689s] Level 1:colcon.colcon_core.environment:checking '/home/tdp378/Jax_Quadruped_ros2/jax_ws/install/jax_servo_interfacing' for CMake module files
[6.691s] Level 1:colcon.colcon_core.environment:checking '/home/tdp378/Jax_Quadruped_ros2/jax_ws/install/jax_servo_interfacing' for CMake config files
[6.694s] Level 1:colcon.colcon_core.environment:checking '/home/tdp378/Jax_Quadruped_ros2/jax_ws/install/jax_servo_interfacing/lib'
[6.695s] Level 1:colcon.colcon_core.environment:checking '/home/tdp378/Jax_Quadruped_ros2/jax_ws/install/jax_servo_interfacing/bin'
[6.695s] Level 1:colcon.colcon_core.environment:checking '/home/tdp378/Jax_Quadruped_ros2/jax_ws/install/jax_servo_interfacing/lib/pkgconfig/jax_servo_interfacing.pc'
[6.696s] Level 1:colcon.colcon_core.environment:checking '/home/tdp378/Jax_Quadruped_ros2/jax_ws/install/jax_servo_interfacing/lib/python3.10/site-packages'
[6.697s] Level 1:colcon.colcon_core.shell:create_environment_hook('jax_servo_interfacing', 'pythonpath')
[6.697s] INFO:colcon.colcon_core.shell:Creating environment hook '/home/tdp378/Jax_Quadruped_ros2/jax_ws/install/jax_servo_interfacing/share/jax_servo_interfacing/hook/pythonpath.ps1'
[6.699s] INFO:colcon.colcon_core.shell:Creating environment descriptor '/home/tdp378/Jax_Quadruped_ros2/jax_ws/install/jax_servo_interfacing/share/jax_servo_interfacing/hook/pythonpath.dsv'
[6.701s] INFO:colcon.colcon_core.shell:Creating environment hook '/home/tdp378/Jax_Quadruped_ros2/jax_ws/install/jax_servo_interfacing/share/jax_servo_interfacing/hook/pythonpath.sh'
[6.703s] Level 1:colcon.colcon_core.environment:checking '/home/tdp378/Jax_Quadruped_ros2/jax_ws/install/jax_servo_interfacing/bin'
[6.704s] Level 1:colcon.colcon_core.environment:create_environment_scripts_only(jax_servo_interfacing)
[6.705s] INFO:colcon.colcon_core.shell:Creating package script '/home/tdp378/Jax_Quadruped_ros2/jax_ws/install/jax_servo_interfacing/share/jax_servo_interfacing/package.ps1'
[6.708s] INFO:colcon.colcon_core.shell:Creating package descriptor '/home/tdp378/Jax_Quadruped_ros2/jax_ws/install/jax_servo_interfacing/share/jax_servo_interfacing/package.dsv'
[6.711s] INFO:colcon.colcon_core.shell:Creating package script '/home/tdp378/Jax_Quadruped_ros2/jax_ws/install/jax_servo_interfacing/share/jax_servo_interfacing/package.sh'
[6.714s] INFO:colcon.colcon_core.shell:Creating package script '/home/tdp378/Jax_Quadruped_ros2/jax_ws/install/jax_servo_interfacing/share/jax_servo_interfacing/package.bash'
[6.717s] INFO:colcon.colcon_core.shell:Creating package script '/home/tdp378/Jax_Quadruped_ros2/jax_ws/install/jax_servo_interfacing/share/jax_servo_interfacing/package.zsh'
[6.720s] Level 1:colcon.colcon_core.environment:create_file_with_runtime_dependencies(/home/tdp378/Jax_Quadruped_ros2/jax_ws/install/jax_servo_interfacing/share/colcon-core/packages/jax_servo_interfacing)
[6.721s] DEBUG:colcon.colcon_parallel_executor.executor.parallel:closing loop
[6.722s] DEBUG:colcon.colcon_parallel_executor.executor.parallel:loop closed
[6.723s] DEBUG:colcon.colcon_parallel_executor.executor.parallel:run_until_complete finished with '0'
[6.723s] DEBUG:colcon.colcon_core.event_reactor:joining thread
[6.742s] INFO:colcon.colcon_core.plugin_system:Skipping extension 'colcon_notification.desktop_notification.notify_send': Could not find 'notify-send'
[6.743s] INFO:colcon.colcon_core.plugin_system:Skipping extension 'colcon_notification.desktop_notification.terminal_notifier': Not used on non-Darwin systems
[6.743s] INFO:colcon.colcon_core.plugin_system:Skipping extension 'colcon_notification.desktop_notification.win32': Not used on non-Windows systems
[6.743s] INFO:colcon.colcon_notification.desktop_notification:Sending desktop notification using 'notify2'
[6.765s] DEBUG:colcon.colcon_notification.desktop_notification.notify2:Failed to initialize notify2: org.freedesktop.DBus.Error.ServiceUnknown: The name org.freedesktop.Notifications was not provided by any .service files
[6.765s] DEBUG:colcon.colcon_core.event_reactor:joined thread
[6.766s] INFO:colcon.colcon_core.shell:Creating prefix script '/home/tdp378/Jax_Quadruped_ros2/jax_ws/install/local_setup.ps1'
[6.772s] INFO:colcon.colcon_core.shell:Creating prefix util module '/home/tdp378/Jax_Quadruped_ros2/jax_ws/install/_local_setup_util_ps1.py'
[6.779s] INFO:colcon.colcon_core.shell:Creating prefix chain script '/home/tdp378/Jax_Quadruped_ros2/jax_ws/install/setup.ps1'
[6.783s] INFO:colcon.colcon_core.shell:Creating prefix script '/home/tdp378/Jax_Quadruped_ros2/jax_ws/install/local_setup.sh'
[6.786s] INFO:colcon.colcon_core.shell:Creating prefix util module '/home/tdp378/Jax_Quadruped_ros2/jax_ws/install/_local_setup_util_sh.py'
[6.788s] INFO:colcon.colcon_core.shell:Creating prefix chain script '/home/tdp378/Jax_Quadruped_ros2/jax_ws/install/setup.sh'
[6.792s] INFO:colcon.colcon_core.shell:Creating prefix script '/home/tdp378/Jax_Quadruped_ros2/jax_ws/install/local_setup.bash'
[6.794s] INFO:colcon.colcon_core.shell:Creating prefix chain script '/home/tdp378/Jax_Quadruped_ros2/jax_ws/install/setup.bash'
[6.797s] INFO:colcon.colcon_core.shell:Creating prefix script '/home/tdp378/Jax_Quadruped_ros2/jax_ws/install/local_setup.zsh'
[6.800s] INFO:colcon.colcon_core.shell:Creating prefix chain script '/home/tdp378/Jax_Quadruped_ros2/jax_ws/install/setup.zsh'
