running develop
running egg_info
creating jax_description.egg-info
writing jax_description.egg-info/PKG-INFO
writing dependency_links to jax_description.egg-info/dependency_links.txt
writing entry points to jax_description.egg-info/entry_points.txt
writing requirements to jax_description.egg-info/requires.txt
writing top-level names to jax_description.egg-info/top_level.txt
writing manifest file 'jax_description.egg-info/SOURCES.txt'
reading manifest file 'jax_description.egg-info/SOURCES.txt'
writing manifest file 'jax_description.egg-info/SOURCES.txt'
running build_ext
Creating /home/tdp378/Jax_Quadruped_ros2/jax_ws/install/jax_description/lib/python3.10/site-packages/jax-description.egg-link (link to .)

Installed /home/tdp378/Jax_Quadruped_ros2/jax_ws/build/jax_description
running symlink_data
creating /home/tdp378/Jax_Quadruped_ros2/jax_ws/install/jax_description/share/ament_index
creating /home/tdp378/Jax_Quadruped_ros2/jax_ws/install/jax_description/share/ament_index/resource_index
creating /home/tdp378/Jax_Quadruped_ros2/jax_ws/install/jax_description/share/ament_index/resource_index/packages
symbolically linking /home/tdp378/Jax_Quadruped_ros2/jax_ws/build/jax_description/resource/jax_description -> /home/tdp378/Jax_Quadruped_ros2/jax_ws/install/jax_description/share/ament_index/resource_index/packages
symbolically linking /home/tdp378/Jax_Quadruped_ros2/jax_ws/build/jax_description/package.xml -> /home/tdp378/Jax_Quadruped_ros2/jax_ws/install/jax_description/share/jax_description
