[3.759s] Invoking command in '/home/tdp378/Jax_Quadruped_ros2/jax_ws/build/jax_description': PYTHONPATH=/home/tdp378/Jax_Quadruped_ros2/jax_ws/build/jax_description/prefix_override:/usr/lib/python3/dist-packages/colcon_core/task/python/colcon_distutils_commands:/home/tdp378/Jax_Quadruped_ros2/jax_ws/install/jax_description/lib/python3.10/site-packages:${PYTHONPATH} /usr/bin/python3 -W ignore:setup.py install is deprecated -W ignore:easy_install command is deprecated setup.py develop --editable --build-directory /home/tdp378/Jax_Quadruped_ros2/jax_ws/build/jax_description/build --no-deps symlink_data
[4.891s] running develop
[5.552s] running egg_info
[5.552s] creating jax_description.egg-info
[5.553s] writing jax_description.egg-info/PKG-INFO
[5.554s] writing dependency_links to jax_description.egg-info/dependency_links.txt
[5.554s] writing entry points to jax_description.egg-info/entry_points.txt
[5.555s] writing requirements to jax_description.egg-info/requires.txt
[5.556s] writing top-level names to jax_description.egg-info/top_level.txt
[5.557s] writing manifest file 'jax_description.egg-info/SOURCES.txt'
[5.563s] reading manifest file 'jax_description.egg-info/SOURCES.txt'
[5.566s] writing manifest file 'jax_description.egg-info/SOURCES.txt'
[5.572s] running build_ext
[5.573s] Creating /home/tdp378/Jax_Quadruped_ros2/jax_ws/install/jax_description/lib/python3.10/site-packages/jax-description.egg-link (link to .)
[5.578s] 
[5.578s] Installed /home/tdp378/Jax_Quadruped_ros2/jax_ws/build/jax_description
[5.579s] running symlink_data
[5.579s] creating /home/tdp378/Jax_Quadruped_ros2/jax_ws/install/jax_description/share/ament_index
[5.581s] creating /home/tdp378/Jax_Quadruped_ros2/jax_ws/install/jax_description/share/ament_index/resource_index
[5.582s] creating /home/tdp378/Jax_Quadruped_ros2/jax_ws/install/jax_description/share/ament_index/resource_index/packages
[5.583s] symbolically linking /home/tdp378/Jax_Quadruped_ros2/jax_ws/build/jax_description/resource/jax_description -> /home/tdp378/Jax_Quadruped_ros2/jax_ws/install/jax_description/share/ament_index/resource_index/packages
[5.584s] symbolically linking /home/tdp378/Jax_Quadruped_ros2/jax_ws/build/jax_description/package.xml -> /home/tdp378/Jax_Quadruped_ros2/jax_ws/install/jax_description/share/jax_description
[5.773s] Invoked command in '/home/tdp378/Jax_Quadruped_ros2/jax_ws/build/jax_description' returned '0': PYTHONPATH=/home/tdp378/Jax_Quadruped_ros2/jax_ws/build/jax_description/prefix_override:/usr/lib/python3/dist-packages/colcon_core/task/python/colcon_distutils_commands:/home/tdp378/Jax_Quadruped_ros2/jax_ws/install/jax_description/lib/python3.10/site-packages:${PYTHONPATH} /usr/bin/python3 -W ignore:setup.py install is deprecated -W ignore:easy_install command is deprecated setup.py develop --editable --build-directory /home/tdp378/Jax_Quadruped_ros2/jax_ws/build/jax_description/build --no-deps symlink_data
