running egg_info
creating ../../../build/jax_description/jax_description.egg-info
writing ../../../build/jax_description/jax_description.egg-info/PKG-INFO
writing dependency_links to ../../../build/jax_description/jax_description.egg-info/dependency_links.txt
writing requirements to ../../../build/jax_description/jax_description.egg-info/requires.txt
writing top-level names to ../../../build/jax_description/jax_description.egg-info/top_level.txt
writing manifest file '../../../build/jax_description/jax_description.egg-info/SOURCES.txt'
reading manifest file '../../../build/jax_description/jax_description.egg-info/SOURCES.txt'
writing manifest file '../../../build/jax_description/jax_description.egg-info/SOURCES.txt'
running build
running build_py
creating /home/tdp378/Jax_Quadruped_ros2/build/jax_description/build
creating /home/tdp378/Jax_Quadruped_ros2/build/jax_description/build/lib
creating /home/tdp378/Jax_Quadruped_ros2/build/jax_description/build/lib/jax_description
copying jax_description/__init__.py -> /home/tdp378/Jax_Quadruped_ros2/build/jax_description/build/lib/jax_description
running install
running install_lib
creating /home/tdp378/Jax_Quadruped_ros2/install/jax_description/lib/python3.10/site-packages/jax_description
copying /home/tdp378/Jax_Quadruped_ros2/build/jax_description/build/lib/jax_description/__init__.py -> /home/tdp378/Jax_Quadruped_ros2/install/jax_description/lib/python3.10/site-packages/jax_description
byte-compiling /home/tdp378/Jax_Quadruped_ros2/install/jax_description/lib/python3.10/site-packages/jax_description/__init__.py to __init__.cpython-310.pyc
running install_data
creating /home/tdp378/Jax_Quadruped_ros2/install/jax_description/share/ament_index
creating /home/tdp378/Jax_Quadruped_ros2/install/jax_description/share/ament_index/resource_index
creating /home/tdp378/Jax_Quadruped_ros2/install/jax_description/share/ament_index/resource_index/packages
copying resource/jax_description -> /home/tdp378/Jax_Quadruped_ros2/install/jax_description/share/ament_index/resource_index/packages
copying package.xml -> /home/tdp378/Jax_Quadruped_ros2/install/jax_description/share/jax_description
creating /home/tdp378/Jax_Quadruped_ros2/install/jax_description/share/jax_description/launch
copying launch/display.launch.py -> /home/tdp378/Jax_Quadruped_ros2/install/jax_description/share/jax_description/launch
creating /home/tdp378/Jax_Quadruped_ros2/install/jax_description/share/jax_description/urdf
copying urdf/jax.urdf.xacro -> /home/tdp378/Jax_Quadruped_ros2/install/jax_description/share/jax_description/urdf
creating /home/tdp378/Jax_Quadruped_ros2/install/jax_description/share/jax_description/rviz
copying rviz/jax.rviz -> /home/tdp378/Jax_Quadruped_ros2/install/jax_description/share/jax_description/rviz
running install_egg_info
Copying ../../../build/jax_description/jax_description.egg-info to /home/tdp378/Jax_Quadruped_ros2/install/jax_description/lib/python3.10/site-packages/jax_description-0.0.0-py3.10.egg-info
running install_scripts
writing list of installed files to '/home/tdp378/Jax_Quadruped_ros2/build/jax_description/install.log'
