[0.417s] DEBUG:colcon:Command line arguments: ['/usr/bin/colcon', 'build', '--symlink-install']
[0.417s] DEBUG:colcon:Parsed command line arguments: Namespace(log_base=None, log_level=None, verb_name='build', build_base='build', install_base='install', merge_install=False, symlink_install=True, test_result_base=None, continue_on_error=False, executor='parallel', parallel_workers=4, event_handlers=None, ignore_user_meta=False, metas=['./colcon.meta'], base_paths=['.'], packages_ignore=None, packages_ignore_regex=None, paths=None, packages_up_to=None, packages_up_to_regex=None, packages_above=None, packages_above_and_dependencies=None, packages_above_depth=None, packages_select_by_dep=None, packages_skip_by_dep=None, packages_skip_up_to=None, packages_select_build_failed=False, packages_skip_build_finished=False, packages_select_test_failures=False, packages_skip_test_passed=False, packages_select=None, packages_skip=None, packages_select_regex=None, packages_skip_regex=None, packages_start=None, packages_end=None, allow_overriding=[], cmake_args=None, cmake_target=None, cmake_target_skip_unavailable=False, cmake_clean_cache=False, cmake_clean_first=False, cmake_force_configure=False, ament_cmake_args=None, catkin_cmake_args=None, catkin_skip_building_tests=False, verb_parser=<colcon_defaults.argument_parser.defaults.DefaultArgumentsDecorator object at 0xffff8e6e1d20>, verb_extension=<colcon_core.verb.build.BuildVerb object at 0xffff8e7f31f0>, main=<bound method BuildVerb.main of <colcon_core.verb.build.BuildVerb object at 0xffff8e7f31f0>>)
[1.063s] Level 1:colcon.colcon_core.package_discovery:discover_packages(colcon_meta) check parameters
[1.063s] Level 1:colcon.colcon_core.package_discovery:discover_packages(recursive) check parameters
[1.063s] Level 1:colcon.colcon_core.package_discovery:discover_packages(ignore) check parameters
[1.064s] Level 1:colcon.colcon_core.package_discovery:discover_packages(path) check parameters
[1.064s] Level 1:colcon.colcon_core.package_discovery:discover_packages(colcon_meta) discover
[1.064s] Level 1:colcon.colcon_core.package_discovery:discover_packages(recursive) discover
[1.064s] INFO:colcon.colcon_core.package_discovery:Crawling recursively for packages in '/home/tdp378/Jax_Quadruped_ros2/jax_ws'
[1.064s] Level 1:colcon.colcon_core.package_identification:_identify(.) by extensions ['ignore', 'ignore_ament_install']
[1.065s] Level 1:colcon.colcon_core.package_identification:_identify(.) by extension 'ignore'
[1.065s] Level 1:colcon.colcon_core.package_identification:_identify(.) by extension 'ignore_ament_install'
[1.065s] Level 1:colcon.colcon_core.package_identification:_identify(.) by extensions ['colcon_pkg']
[1.065s] Level 1:colcon.colcon_core.package_identification:_identify(.) by extension 'colcon_pkg'
[1.065s] Level 1:colcon.colcon_core.package_identification:_identify(.) by extensions ['colcon_meta']
[1.066s] Level 1:colcon.colcon_core.package_identification:_identify(.) by extension 'colcon_meta'
[1.066s] Level 1:colcon.colcon_core.package_identification:_identify(.) by extensions ['ros']
[1.066s] Level 1:colcon.colcon_core.package_identification:_identify(.) by extension 'ros'
[1.110s] Level 1:colcon.colcon_core.package_identification:_identify(.) by extensions ['cmake', 'python']
[1.110s] Level 1:colcon.colcon_core.package_identification:_identify(.) by extension 'cmake'
[1.110s] Level 1:colcon.colcon_core.package_identification:_identify(.) by extension 'python'
[1.110s] Level 1:colcon.colcon_core.package_identification:_identify(.) by extensions ['python_setup_py']
[1.110s] Level 1:colcon.colcon_core.package_identification:_identify(.) by extension 'python_setup_py'
[1.111s] Level 1:colcon.colcon_core.package_identification:_identify(build) by extensions ['ignore', 'ignore_ament_install']
[1.111s] Level 1:colcon.colcon_core.package_identification:_identify(build) by extension 'ignore'
[1.111s] Level 1:colcon.colcon_core.package_identification:_identify(build) ignored
[1.112s] Level 1:colcon.colcon_core.package_identification:_identify(install) by extensions ['ignore', 'ignore_ament_install']
[1.112s] Level 1:colcon.colcon_core.package_identification:_identify(install) by extension 'ignore'
[1.113s] Level 1:colcon.colcon_core.package_identification:_identify(install) ignored
[1.113s] Level 1:colcon.colcon_core.package_identification:_identify(log) by extensions ['ignore', 'ignore_ament_install']
[1.113s] Level 1:colcon.colcon_core.package_identification:_identify(log) by extension 'ignore'
[1.113s] Level 1:colcon.colcon_core.package_identification:_identify(log) ignored
[1.114s] Level 1:colcon.colcon_core.package_identification:_identify(src) by extensions ['ignore', 'ignore_ament_install']
[1.114s] Level 1:colcon.colcon_core.package_identification:_identify(src) by extension 'ignore'
[1.114s] Level 1:colcon.colcon_core.package_identification:_identify(src) by extension 'ignore_ament_install'
[1.115s] Level 1:colcon.colcon_core.package_identification:_identify(src) by extensions ['colcon_pkg']
[1.115s] Level 1:colcon.colcon_core.package_identification:_identify(src) by extension 'colcon_pkg'
[1.115s] Level 1:colcon.colcon_core.package_identification:_identify(src) by extensions ['colcon_meta']
[1.115s] Level 1:colcon.colcon_core.package_identification:_identify(src) by extension 'colcon_meta'
[1.115s] Level 1:colcon.colcon_core.package_identification:_identify(src) by extensions ['ros']
[1.115s] Level 1:colcon.colcon_core.package_identification:_identify(src) by extension 'ros'
[1.116s] Level 1:colcon.colcon_core.package_identification:_identify(src) by extensions ['cmake', 'python']
[1.116s] Level 1:colcon.colcon_core.package_identification:_identify(src) by extension 'cmake'
[1.116s] Level 1:colcon.colcon_core.package_identification:_identify(src) by extension 'python'
[1.116s] Level 1:colcon.colcon_core.package_identification:_identify(src) by extensions ['python_setup_py']
[1.116s] Level 1:colcon.colcon_core.package_identification:_identify(src) by extension 'python_setup_py'
[1.117s] Level 1:colcon.colcon_core.package_identification:_identify(src/jax_description) by extensions ['ignore', 'ignore_ament_install']
[1.117s] Level 1:colcon.colcon_core.package_identification:_identify(src/jax_description) by extension 'ignore'
[1.117s] Level 1:colcon.colcon_core.package_identification:_identify(src/jax_description) by extension 'ignore_ament_install'
[1.117s] Level 1:colcon.colcon_core.package_identification:_identify(src/jax_description) by extensions ['colcon_pkg']
[1.117s] Level 1:colcon.colcon_core.package_identification:_identify(src/jax_description) by extension 'colcon_pkg'
[1.118s] Level 1:colcon.colcon_core.package_identification:_identify(src/jax_description) by extensions ['colcon_meta']
[1.118s] Level 1:colcon.colcon_core.package_identification:_identify(src/jax_description) by extension 'colcon_meta'
[1.118s] Level 1:colcon.colcon_core.package_identification:_identify(src/jax_description) by extensions ['ros']
[1.118s] Level 1:colcon.colcon_core.package_identification:_identify(src/jax_description) by extension 'ros'
[1.131s] DEBUG:colcon.colcon_core.package_identification:Package 'src/jax_description' with type 'ros.ament_python' and name 'jax_description'
[1.132s] Level 1:colcon.colcon_core.package_identification:_identify(src/jax_servo_interfacing) by extensions ['ignore', 'ignore_ament_install']
[1.132s] Level 1:colcon.colcon_core.package_identification:_identify(src/jax_servo_interfacing) by extension 'ignore'
[1.133s] Level 1:colcon.colcon_core.package_identification:_identify(src/jax_servo_interfacing) by extension 'ignore_ament_install'
[1.133s] Level 1:colcon.colcon_core.package_identification:_identify(src/jax_servo_interfacing) by extensions ['colcon_pkg']
[1.133s] Level 1:colcon.colcon_core.package_identification:_identify(src/jax_servo_interfacing) by extension 'colcon_pkg'
[1.133s] Level 1:colcon.colcon_core.package_identification:_identify(src/jax_servo_interfacing) by extensions ['colcon_meta']
[1.133s] Level 1:colcon.colcon_core.package_identification:_identify(src/jax_servo_interfacing) by extension 'colcon_meta'
[1.133s] Level 1:colcon.colcon_core.package_identification:_identify(src/jax_servo_interfacing) by extensions ['ros']
[1.134s] Level 1:colcon.colcon_core.package_identification:_identify(src/jax_servo_interfacing) by extension 'ros'
[1.136s] DEBUG:colcon.colcon_core.package_identification:Package 'src/jax_servo_interfacing' with type 'ros.ament_python' and name 'jax_servo_interfacing'
[1.136s] Level 1:colcon.colcon_core.package_discovery:discover_packages(recursive) using defaults
[1.136s] Level 1:colcon.colcon_core.package_discovery:discover_packages(ignore) discover
[1.136s] Level 1:colcon.colcon_core.package_discovery:discover_packages(ignore) using defaults
[1.136s] Level 1:colcon.colcon_core.package_discovery:discover_packages(path) discover
[1.136s] Level 1:colcon.colcon_core.package_discovery:discover_packages(path) using defaults
[1.210s] Level 1:colcon.colcon_core.package_discovery:discover_packages(prefix_path) check parameters
[1.210s] Level 1:colcon.colcon_core.package_discovery:discover_packages(prefix_path) discover
[1.222s] DEBUG:colcon.colcon_installed_package_information.package_discovery:Found 183 installed packages in /opt/ros/humble
[1.226s] Level 1:colcon.colcon_core.package_discovery:discover_packages(prefix_path) using defaults
[1.373s] Level 5:colcon.colcon_core.verb:set package 'jax_description' build argument 'cmake_args' from command line to 'None'
[1.373s] Level 5:colcon.colcon_core.verb:set package 'jax_description' build argument 'cmake_target' from command line to 'None'
[1.373s] Level 5:colcon.colcon_core.verb:set package 'jax_description' build argument 'cmake_target_skip_unavailable' from command line to 'False'
[1.373s] Level 5:colcon.colcon_core.verb:set package 'jax_description' build argument 'cmake_clean_cache' from command line to 'False'
[1.373s] Level 5:colcon.colcon_core.verb:set package 'jax_description' build argument 'cmake_clean_first' from command line to 'False'
[1.373s] Level 5:colcon.colcon_core.verb:set package 'jax_description' build argument 'cmake_force_configure' from command line to 'False'
[1.374s] Level 5:colcon.colcon_core.verb:set package 'jax_description' build argument 'ament_cmake_args' from command line to 'None'
[1.374s] Level 5:colcon.colcon_core.verb:set package 'jax_description' build argument 'catkin_cmake_args' from command line to 'None'
[1.374s] Level 5:colcon.colcon_core.verb:set package 'jax_description' build argument 'catkin_skip_building_tests' from command line to 'False'
[1.374s] DEBUG:colcon.colcon_core.verb:Building package 'jax_description' with the following arguments: {'ament_cmake_args': None, 'build_base': '/home/tdp378/Jax_Quadruped_ros2/jax_ws/build/jax_description', 'catkin_cmake_args': None, 'catkin_skip_building_tests': False, 'cmake_args': None, 'cmake_clean_cache': False, 'cmake_clean_first': False, 'cmake_force_configure': False, 'cmake_target': None, 'cmake_target_skip_unavailable': False, 'install_base': '/home/tdp378/Jax_Quadruped_ros2/jax_ws/install/jax_description', 'merge_install': False, 'path': '/home/tdp378/Jax_Quadruped_ros2/jax_ws/src/jax_description', 'symlink_install': True, 'test_result_base': None}
[1.375s] Level 5:colcon.colcon_core.verb:set package 'jax_servo_interfacing' build argument 'cmake_args' from command line to 'None'
[1.376s] Level 5:colcon.colcon_core.verb:set package 'jax_servo_interfacing' build argument 'cmake_target' from command line to 'None'
[1.376s] Level 5:colcon.colcon_core.verb:set package 'jax_servo_interfacing' build argument 'cmake_target_skip_unavailable' from command line to 'False'
[1.376s] Level 5:colcon.colcon_core.verb:set package 'jax_servo_interfacing' build argument 'cmake_clean_cache' from command line to 'False'
[1.376s] Level 5:colcon.colcon_core.verb:set package 'jax_servo_interfacing' build argument 'cmake_clean_first' from command line to 'False'
[1.376s] Level 5:colcon.colcon_core.verb:set package 'jax_servo_interfacing' build argument 'cmake_force_configure' from command line to 'False'
[1.376s] Level 5:colcon.colcon_core.verb:set package 'jax_servo_interfacing' build argument 'ament_cmake_args' from command line to 'None'
[1.376s] Level 5:colcon.colcon_core.verb:set package 'jax_servo_interfacing' build argument 'catkin_cmake_args' from command line to 'None'
[1.376s] Level 5:colcon.colcon_core.verb:set package 'jax_servo_interfacing' build argument 'catkin_skip_building_tests' from command line to 'False'
[1.376s] DEBUG:colcon.colcon_core.verb:Building package 'jax_servo_interfacing' with the following arguments: {'ament_cmake_args': None, 'build_base': '/home/tdp378/Jax_Quadruped_ros2/jax_ws/build/jax_servo_interfacing', 'catkin_cmake_args': None, 'catkin_skip_building_tests': False, 'cmake_args': None, 'cmake_clean_cache': False, 'cmake_clean_first': False, 'cmake_force_configure': False, 'cmake_target': None, 'cmake_target_skip_unavailable': False, 'install_base': '/home/tdp378/Jax_Quadruped_ros2/jax_ws/install/jax_servo_interfacing', 'merge_install': False, 'path': '/home/tdp378/Jax_Quadruped_ros2/jax_ws/src/jax_servo_interfacing', 'symlink_install': True, 'test_result_base': None}
[1.377s] INFO:colcon.colcon_core.executor:Executing jobs using 'parallel' executor
[1.380s] DEBUG:colcon.colcon_parallel_executor.executor.parallel:run_until_complete
[1.381s] INFO:colcon.colcon_ros.task.ament_python.build:Building ROS package in '/home/tdp378/Jax_Quadruped_ros2/jax_ws/src/jax_description' with build type 'ament_python'
[1.381s] Level 1:colcon.colcon_core.shell:create_environment_hook('jax_description', 'ament_prefix_path')
[1.390s] INFO:colcon.colcon_core.plugin_system:Skipping extension 'colcon_core.shell.bat': Not used on non-Windows systems
[1.391s] INFO:colcon.colcon_core.shell:Creating environment hook '/home/tdp378/Jax_Quadruped_ros2/jax_ws/install/jax_description/share/jax_description/hook/ament_prefix_path.ps1'
[1.395s] INFO:colcon.colcon_core.shell:Creating environment descriptor '/home/tdp378/Jax_Quadruped_ros2/jax_ws/install/jax_description/share/jax_description/hook/ament_prefix_path.dsv'
[1.396s] INFO:colcon.colcon_core.shell:Creating environment hook '/home/tdp378/Jax_Quadruped_ros2/jax_ws/install/jax_description/share/jax_description/hook/ament_prefix_path.sh'
[1.400s] INFO:colcon.colcon_core.shell:Skip shell extension 'powershell' for command environment: Not usable outside of PowerShell
[1.400s] DEBUG:colcon.colcon_core.shell:Skip shell extension 'dsv' for command environment
[1.412s] INFO:colcon.colcon_ros.task.ament_python.build:Building ROS package in '/home/tdp378/Jax_Quadruped_ros2/jax_ws/src/jax_servo_interfacing' with build type 'ament_python'
[1.413s] Level 1:colcon.colcon_core.shell:create_environment_hook('jax_servo_interfacing', 'ament_prefix_path')
[1.414s] INFO:colcon.colcon_core.shell:Creating environment hook '/home/tdp378/Jax_Quadruped_ros2/jax_ws/install/jax_servo_interfacing/share/jax_servo_interfacing/hook/ament_prefix_path.ps1'
[1.416s] INFO:colcon.colcon_core.shell:Creating environment descriptor '/home/tdp378/Jax_Quadruped_ros2/jax_ws/install/jax_servo_interfacing/share/jax_servo_interfacing/hook/ament_prefix_path.dsv'
[1.419s] INFO:colcon.colcon_core.shell:Creating environment hook '/home/tdp378/Jax_Quadruped_ros2/jax_ws/install/jax_servo_interfacing/share/jax_servo_interfacing/hook/ament_prefix_path.sh'
[1.422s] INFO:colcon.colcon_core.shell:Skip shell extension 'powershell' for command environment: Not usable outside of PowerShell
[1.422s] DEBUG:colcon.colcon_core.shell:Skip shell extension 'dsv' for command environment
[2.433s] INFO:colcon.colcon_core.task.python.build:Building Python package in '/home/tdp378/Jax_Quadruped_ros2/jax_ws/src/jax_description'
[2.434s] INFO:colcon.colcon_core.shell:Skip shell extension 'powershell' for command environment: Not usable outside of PowerShell
[2.434s] DEBUG:colcon.colcon_core.shell:Skip shell extension 'dsv' for command environment
[3.442s] INFO:colcon.colcon_core.task.python.build:Building Python package in '/home/tdp378/Jax_Quadruped_ros2/jax_ws/src/jax_servo_interfacing'
[3.443s] INFO:colcon.colcon_core.shell:Skip shell extension 'powershell' for command environment: Not usable outside of PowerShell
[3.444s] DEBUG:colcon.colcon_core.shell:Skip shell extension 'dsv' for command environment
[5.142s] DEBUG:colcon.colcon_core.event_handler.log_command:Invoking command in '/home/tdp378/Jax_Quadruped_ros2/jax_ws/build/jax_description': PYTHONPATH=/home/tdp378/Jax_Quadruped_ros2/jax_ws/build/jax_description/prefix_override:/usr/lib/python3/dist-packages/colcon_core/task/python/colcon_distutils_commands:/home/tdp378/Jax_Quadruped_ros2/jax_ws/install/jax_description/lib/python3.10/site-packages:${PYTHONPATH} /usr/bin/python3 -W ignore:setup.py install is deprecated -W ignore:easy_install command is deprecated setup.py develop --editable --build-directory /home/tdp378/Jax_Quadruped_ros2/jax_ws/build/jax_description/build --no-deps symlink_data
[5.157s] DEBUG:colcon.colcon_core.event_handler.log_command:Invoking command in '/home/tdp378/Jax_Quadruped_ros2/jax_ws/build/jax_servo_interfacing': PYTHONPATH=/home/tdp378/Jax_Quadruped_ros2/jax_ws/build/jax_servo_interfacing/prefix_override:/usr/lib/python3/dist-packages/colcon_core/task/python/colcon_distutils_commands:/home/tdp378/Jax_Quadruped_ros2/jax_ws/install/jax_servo_interfacing/lib/python3.10/site-packages:${PYTHONPATH} /usr/bin/python3 -W ignore:setup.py install is deprecated -W ignore:easy_install command is deprecated setup.py develop --editable --build-directory /home/tdp378/Jax_Quadruped_ros2/jax_ws/build/jax_servo_interfacing/build --no-deps symlink_data
[7.153s] Level 1:colcon.colcon_core.shell:create_environment_hook('jax_description', 'pythonpath_develop')
[7.155s] INFO:colcon.colcon_core.shell:Creating environment hook '/home/tdp378/Jax_Quadruped_ros2/jax_ws/build/jax_description/share/jax_description/hook/pythonpath_develop.ps1'
[7.156s] DEBUG:colcon.colcon_core.event_handler.log_command:Invoked command in '/home/tdp378/Jax_Quadruped_ros2/jax_ws/build/jax_description' returned '0': PYTHONPATH=/home/tdp378/Jax_Quadruped_ros2/jax_ws/build/jax_description/prefix_override:/usr/lib/python3/dist-packages/colcon_core/task/python/colcon_distutils_commands:/home/tdp378/Jax_Quadruped_ros2/jax_ws/install/jax_description/lib/python3.10/site-packages:${PYTHONPATH} /usr/bin/python3 -W ignore:setup.py install is deprecated -W ignore:easy_install command is deprecated setup.py develop --editable --build-directory /home/tdp378/Jax_Quadruped_ros2/jax_ws/build/jax_description/build --no-deps symlink_data
[7.160s] INFO:colcon.colcon_core.shell:Creating environment descriptor '/home/tdp378/Jax_Quadruped_ros2/jax_ws/build/jax_description/share/jax_description/hook/pythonpath_develop.dsv'
[7.163s] INFO:colcon.colcon_core.shell:Creating environment hook '/home/tdp378/Jax_Quadruped_ros2/jax_ws/build/jax_description/share/jax_description/hook/pythonpath_develop.sh'
[7.180s] Level 1:colcon.colcon_core.environment:checking '/home/tdp378/Jax_Quadruped_ros2/jax_ws/install/jax_description' for CMake module files
[7.182s] Level 1:colcon.colcon_core.environment:checking '/home/tdp378/Jax_Quadruped_ros2/jax_ws/install/jax_description' for CMake config files
[7.185s] Level 1:colcon.colcon_core.environment:checking '/home/tdp378/Jax_Quadruped_ros2/jax_ws/install/jax_description/lib'
[7.186s] Level 1:colcon.colcon_core.environment:checking '/home/tdp378/Jax_Quadruped_ros2/jax_ws/install/jax_description/bin'
[7.186s] Level 1:colcon.colcon_core.environment:checking '/home/tdp378/Jax_Quadruped_ros2/jax_ws/install/jax_description/lib/pkgconfig/jax_description.pc'
[7.187s] Level 1:colcon.colcon_core.environment:checking '/home/tdp378/Jax_Quadruped_ros2/jax_ws/install/jax_description/lib/python3.10/site-packages'
[7.187s] Level 1:colcon.colcon_core.shell:create_environment_hook('jax_description', 'pythonpath')
[7.188s] INFO:colcon.colcon_core.shell:Creating environment hook '/home/tdp378/Jax_Quadruped_ros2/jax_ws/install/jax_description/share/jax_description/hook/pythonpath.ps1'
[7.190s] INFO:colcon.colcon_core.shell:Creating environment descriptor '/home/tdp378/Jax_Quadruped_ros2/jax_ws/install/jax_description/share/jax_description/hook/pythonpath.dsv'
[7.192s] INFO:colcon.colcon_core.shell:Creating environment hook '/home/tdp378/Jax_Quadruped_ros2/jax_ws/install/jax_description/share/jax_description/hook/pythonpath.sh'
[7.195s] Level 1:colcon.colcon_core.environment:checking '/home/tdp378/Jax_Quadruped_ros2/jax_ws/install/jax_description/bin'
[7.195s] Level 1:colcon.colcon_core.environment:create_environment_scripts_only(jax_description)
[7.196s] INFO:colcon.colcon_core.shell:Creating package script '/home/tdp378/Jax_Quadruped_ros2/jax_ws/install/jax_description/share/jax_description/package.ps1'
[7.200s] INFO:colcon.colcon_core.shell:Creating package descriptor '/home/tdp378/Jax_Quadruped_ros2/jax_ws/install/jax_description/share/jax_description/package.dsv'
[7.202s] INFO:colcon.colcon_core.shell:Creating package script '/home/tdp378/Jax_Quadruped_ros2/jax_ws/install/jax_description/share/jax_description/package.sh'
[7.205s] INFO:colcon.colcon_core.shell:Creating package script '/home/tdp378/Jax_Quadruped_ros2/jax_ws/install/jax_description/share/jax_description/package.bash'
[7.208s] INFO:colcon.colcon_core.shell:Creating package script '/home/tdp378/Jax_Quadruped_ros2/jax_ws/install/jax_description/share/jax_description/package.zsh'
[7.211s] Level 1:colcon.colcon_core.environment:create_file_with_runtime_dependencies(/home/tdp378/Jax_Quadruped_ros2/jax_ws/install/jax_description/share/colcon-core/packages/jax_description)
[7.215s] Level 1:colcon.colcon_core.shell:create_environment_hook('jax_servo_interfacing', 'pythonpath_develop')
[7.216s] INFO:colcon.colcon_core.shell:Creating environment hook '/home/tdp378/Jax_Quadruped_ros2/jax_ws/build/jax_servo_interfacing/share/jax_servo_interfacing/hook/pythonpath_develop.ps1'
[7.217s] DEBUG:colcon.colcon_core.event_handler.log_command:Invoked command in '/home/tdp378/Jax_Quadruped_ros2/jax_ws/build/jax_servo_interfacing' returned '0': PYTHONPATH=/home/tdp378/Jax_Quadruped_ros2/jax_ws/build/jax_servo_interfacing/prefix_override:/usr/lib/python3/dist-packages/colcon_core/task/python/colcon_distutils_commands:/home/tdp378/Jax_Quadruped_ros2/jax_ws/install/jax_servo_interfacing/lib/python3.10/site-packages:${PYTHONPATH} /usr/bin/python3 -W ignore:setup.py install is deprecated -W ignore:easy_install command is deprecated setup.py develop --editable --build-directory /home/tdp378/Jax_Quadruped_ros2/jax_ws/build/jax_servo_interfacing/build --no-deps symlink_data
[7.219s] INFO:colcon.colcon_core.shell:Creating environment descriptor '/home/tdp378/Jax_Quadruped_ros2/jax_ws/build/jax_servo_interfacing/share/jax_servo_interfacing/hook/pythonpath_develop.dsv'
[7.221s] INFO:colcon.colcon_core.shell:Creating environment hook '/home/tdp378/Jax_Quadruped_ros2/jax_ws/build/jax_servo_interfacing/share/jax_servo_interfacing/hook/pythonpath_develop.sh'
[7.225s] Level 1:colcon.colcon_core.environment:checking '/home/tdp378/Jax_Quadruped_ros2/jax_ws/install/jax_servo_interfacing' for CMake module files
[7.227s] Level 1:colcon.colcon_core.environment:checking '/home/tdp378/Jax_Quadruped_ros2/jax_ws/install/jax_servo_interfacing' for CMake config files
[7.231s] Level 1:colcon.colcon_core.environment:checking '/home/tdp378/Jax_Quadruped_ros2/jax_ws/install/jax_servo_interfacing/lib'
[7.231s] Level 1:colcon.colcon_core.environment:checking '/home/tdp378/Jax_Quadruped_ros2/jax_ws/install/jax_servo_interfacing/bin'
[7.232s] Level 1:colcon.colcon_core.environment:checking '/home/tdp378/Jax_Quadruped_ros2/jax_ws/install/jax_servo_interfacing/lib/pkgconfig/jax_servo_interfacing.pc'
[7.233s] Level 1:colcon.colcon_core.environment:checking '/home/tdp378/Jax_Quadruped_ros2/jax_ws/install/jax_servo_interfacing/lib/python3.10/site-packages'
[7.233s] Level 1:colcon.colcon_core.shell:create_environment_hook('jax_servo_interfacing', 'pythonpath')
[7.234s] INFO:colcon.colcon_core.shell:Creating environment hook '/home/tdp378/Jax_Quadruped_ros2/jax_ws/install/jax_servo_interfacing/share/jax_servo_interfacing/hook/pythonpath.ps1'
[7.236s] INFO:colcon.colcon_core.shell:Creating environment descriptor '/home/tdp378/Jax_Quadruped_ros2/jax_ws/install/jax_servo_interfacing/share/jax_servo_interfacing/hook/pythonpath.dsv'
[7.238s] INFO:colcon.colcon_core.shell:Creating environment hook '/home/tdp378/Jax_Quadruped_ros2/jax_ws/install/jax_servo_interfacing/share/jax_servo_interfacing/hook/pythonpath.sh'
[7.241s] Level 1:colcon.colcon_core.environment:checking '/home/tdp378/Jax_Quadruped_ros2/jax_ws/install/jax_servo_interfacing/bin'
[7.242s] Level 1:colcon.colcon_core.environment:create_environment_scripts_only(jax_servo_interfacing)
[7.243s] INFO:colcon.colcon_core.shell:Creating package script '/home/tdp378/Jax_Quadruped_ros2/jax_ws/install/jax_servo_interfacing/share/jax_servo_interfacing/package.ps1'
[7.245s] INFO:colcon.colcon_core.shell:Creating package descriptor '/home/tdp378/Jax_Quadruped_ros2/jax_ws/install/jax_servo_interfacing/share/jax_servo_interfacing/package.dsv'
[7.248s] INFO:colcon.colcon_core.shell:Creating package script '/home/tdp378/Jax_Quadruped_ros2/jax_ws/install/jax_servo_interfacing/share/jax_servo_interfacing/package.sh'
[7.250s] INFO:colcon.colcon_core.shell:Creating package script '/home/tdp378/Jax_Quadruped_ros2/jax_ws/install/jax_servo_interfacing/share/jax_servo_interfacing/package.bash'
[7.252s] INFO:colcon.colcon_core.shell:Creating package script '/home/tdp378/Jax_Quadruped_ros2/jax_ws/install/jax_servo_interfacing/share/jax_servo_interfacing/package.zsh'
[7.254s] Level 1:colcon.colcon_core.environment:create_file_with_runtime_dependencies(/home/tdp378/Jax_Quadruped_ros2/jax_ws/install/jax_servo_interfacing/share/colcon-core/packages/jax_servo_interfacing)
[7.255s] DEBUG:colcon.colcon_parallel_executor.executor.parallel:closing loop
[7.256s] DEBUG:colcon.colcon_parallel_executor.executor.parallel:loop closed
[7.256s] DEBUG:colcon.colcon_parallel_executor.executor.parallel:run_until_complete finished with '0'
[7.257s] DEBUG:colcon.colcon_core.event_reactor:joining thread
[7.277s] INFO:colcon.colcon_core.plugin_system:Skipping extension 'colcon_notification.desktop_notification.notify_send': Could not find 'notify-send'
[7.277s] INFO:colcon.colcon_core.plugin_system:Skipping extension 'colcon_notification.desktop_notification.terminal_notifier': Not used on non-Darwin systems
[7.277s] INFO:colcon.colcon_core.plugin_system:Skipping extension 'colcon_notification.desktop_notification.win32': Not used on non-Windows systems
[7.278s] INFO:colcon.colcon_notification.desktop_notification:Sending desktop notification using 'notify2'
[7.299s] DEBUG:colcon.colcon_notification.desktop_notification.notify2:Failed to initialize notify2: org.freedesktop.DBus.Error.ServiceUnknown: The name org.freedesktop.Notifications was not provided by any .service files
[7.330s] DEBUG:colcon.colcon_core.event_reactor:joined thread
[7.333s] INFO:colcon.colcon_core.shell:Creating prefix script '/home/tdp378/Jax_Quadruped_ros2/jax_ws/install/local_setup.ps1'
[7.341s] INFO:colcon.colcon_core.shell:Creating prefix util module '/home/tdp378/Jax_Quadruped_ros2/jax_ws/install/_local_setup_util_ps1.py'
[7.348s] INFO:colcon.colcon_core.shell:Creating prefix chain script '/home/tdp378/Jax_Quadruped_ros2/jax_ws/install/setup.ps1'
[7.352s] INFO:colcon.colcon_core.shell:Creating prefix script '/home/tdp378/Jax_Quadruped_ros2/jax_ws/install/local_setup.sh'
[7.354s] INFO:colcon.colcon_core.shell:Creating prefix util module '/home/tdp378/Jax_Quadruped_ros2/jax_ws/install/_local_setup_util_sh.py'
[7.357s] INFO:colcon.colcon_core.shell:Creating prefix chain script '/home/tdp378/Jax_Quadruped_ros2/jax_ws/install/setup.sh'
[7.361s] INFO:colcon.colcon_core.shell:Creating prefix script '/home/tdp378/Jax_Quadruped_ros2/jax_ws/install/local_setup.bash'
[7.363s] INFO:colcon.colcon_core.shell:Creating prefix chain script '/home/tdp378/Jax_Quadruped_ros2/jax_ws/install/setup.bash'
[7.367s] INFO:colcon.colcon_core.shell:Creating prefix script '/home/tdp378/Jax_Quadruped_ros2/jax_ws/install/local_setup.zsh'
[7.369s] INFO:colcon.colcon_core.shell:Creating prefix chain script '/home/tdp378/Jax_Quadruped_ros2/jax_ws/install/setup.zsh'
