[0.091s] DEBUG:colcon:Command line arguments: ['/usr/bin/colcon', 'build']
[0.091s] DEBUG:colcon:Parsed command line arguments: Namespace(log_base=None, log_level=None, verb_name='build', build_base='build', install_base='install', merge_install=False, symlink_install=False, test_result_base=None, continue_on_error=False, executor='parallel', parallel_workers=16, event_handlers=None, ignore_user_meta=False, metas=['./colcon.meta'], base_paths=['.'], packages_ignore=None, packages_ignore_regex=None, paths=None, packages_up_to=None, packages_up_to_regex=None, packages_above=None, packages_above_and_dependencies=None, packages_above_depth=None, packages_select_by_dep=None, packages_skip_by_dep=None, packages_skip_up_to=None, packages_select_build_failed=False, packages_skip_build_finished=False, packages_select_test_failures=False, packages_skip_test_passed=False, packages_select=None, packages_skip=None, packages_select_regex=None, packages_skip_regex=None, packages_start=None, packages_end=None, allow_overriding=[], cmake_args=None, cmake_target=None, cmake_target_skip_unavailable=False, cmake_clean_cache=False, cmake_clean_first=False, cmake_force_configure=False, ament_cmake_args=None, catkin_cmake_args=None, catkin_skip_building_tests=False, verb_parser=<colcon_defaults.argument_parser.defaults.DefaultArgumentsDecorator object at 0x7357dc23af80>, verb_extension=<colcon_core.verb.build.BuildVerb object at 0x7357dc36c4c0>, main=<bound method BuildVerb.main of <colcon_core.verb.build.BuildVerb object at 0x7357dc36c4c0>>)
[0.186s] Level 1:colcon.colcon_core.package_discovery:discover_packages(colcon_meta) check parameters
[0.186s] Level 1:colcon.colcon_core.package_discovery:discover_packages(recursive) check parameters
[0.186s] Level 1:colcon.colcon_core.package_discovery:discover_packages(ignore) check parameters
[0.186s] Level 1:colcon.colcon_core.package_discovery:discover_packages(path) check parameters
[0.186s] Level 1:colcon.colcon_core.package_discovery:discover_packages(colcon_meta) discover
[0.186s] Level 1:colcon.colcon_core.package_discovery:discover_packages(recursive) discover
[0.186s] INFO:colcon.colcon_core.package_discovery:Crawling recursively for packages in '/home/tdp378/Jax_Quadruped_ros2'
[0.186s] Level 1:colcon.colcon_core.package_identification:_identify(.) by extensions ['ignore', 'ignore_ament_install']
[0.186s] Level 1:colcon.colcon_core.package_identification:_identify(.) by extension 'ignore'
[0.186s] Level 1:colcon.colcon_core.package_identification:_identify(.) by extension 'ignore_ament_install'
[0.186s] Level 1:colcon.colcon_core.package_identification:_identify(.) by extensions ['colcon_pkg']
[0.186s] Level 1:colcon.colcon_core.package_identification:_identify(.) by extension 'colcon_pkg'
[0.186s] Level 1:colcon.colcon_core.package_identification:_identify(.) by extensions ['colcon_meta']
[0.186s] Level 1:colcon.colcon_core.package_identification:_identify(.) by extension 'colcon_meta'
[0.186s] Level 1:colcon.colcon_core.package_identification:_identify(.) by extensions ['ros']
[0.186s] Level 1:colcon.colcon_core.package_identification:_identify(.) by extension 'ros'
[0.194s] Level 1:colcon.colcon_core.package_identification:_identify(.) by extensions ['cmake', 'python']
[0.194s] Level 1:colcon.colcon_core.package_identification:_identify(.) by extension 'cmake'
[0.194s] Level 1:colcon.colcon_core.package_identification:_identify(.) by extension 'python'
[0.194s] Level 1:colcon.colcon_core.package_identification:_identify(.) by extensions ['python_setup_py']
[0.194s] Level 1:colcon.colcon_core.package_identification:_identify(.) by extension 'python_setup_py'
[0.194s] Level 1:colcon.colcon_core.package_identification:_identify(build) by extensions ['ignore', 'ignore_ament_install']
[0.194s] Level 1:colcon.colcon_core.package_identification:_identify(build) by extension 'ignore'
[0.194s] Level 1:colcon.colcon_core.package_identification:_identify(build) ignored
[0.194s] Level 1:colcon.colcon_core.package_identification:_identify(install) by extensions ['ignore', 'ignore_ament_install']
[0.194s] Level 1:colcon.colcon_core.package_identification:_identify(install) by extension 'ignore'
[0.194s] Level 1:colcon.colcon_core.package_identification:_identify(install) ignored
[0.194s] Level 1:colcon.colcon_core.package_identification:_identify(jax_ws) by extensions ['ignore', 'ignore_ament_install']
[0.194s] Level 1:colcon.colcon_core.package_identification:_identify(jax_ws) by extension 'ignore'
[0.194s] Level 1:colcon.colcon_core.package_identification:_identify(jax_ws) by extension 'ignore_ament_install'
[0.194s] Level 1:colcon.colcon_core.package_identification:_identify(jax_ws) by extensions ['colcon_pkg']
[0.194s] Level 1:colcon.colcon_core.package_identification:_identify(jax_ws) by extension 'colcon_pkg'
[0.194s] Level 1:colcon.colcon_core.package_identification:_identify(jax_ws) by extensions ['colcon_meta']
[0.194s] Level 1:colcon.colcon_core.package_identification:_identify(jax_ws) by extension 'colcon_meta'
[0.194s] Level 1:colcon.colcon_core.package_identification:_identify(jax_ws) by extensions ['ros']
[0.194s] Level 1:colcon.colcon_core.package_identification:_identify(jax_ws) by extension 'ros'
[0.194s] Level 1:colcon.colcon_core.package_identification:_identify(jax_ws) by extensions ['cmake', 'python']
[0.194s] Level 1:colcon.colcon_core.package_identification:_identify(jax_ws) by extension 'cmake'
[0.194s] Level 1:colcon.colcon_core.package_identification:_identify(jax_ws) by extension 'python'
[0.194s] Level 1:colcon.colcon_core.package_identification:_identify(jax_ws) by extensions ['python_setup_py']
[0.194s] Level 1:colcon.colcon_core.package_identification:_identify(jax_ws) by extension 'python_setup_py'
[0.194s] Level 1:colcon.colcon_core.package_identification:_identify(jax_ws/build) by extensions ['ignore', 'ignore_ament_install']
[0.194s] Level 1:colcon.colcon_core.package_identification:_identify(jax_ws/build) by extension 'ignore'
[0.194s] Level 1:colcon.colcon_core.package_identification:_identify(jax_ws/build) ignored
[0.195s] Level 1:colcon.colcon_core.package_identification:_identify(jax_ws/install) by extensions ['ignore', 'ignore_ament_install']
[0.195s] Level 1:colcon.colcon_core.package_identification:_identify(jax_ws/install) by extension 'ignore'
[0.195s] Level 1:colcon.colcon_core.package_identification:_identify(jax_ws/install) ignored
[0.195s] Level 1:colcon.colcon_core.package_identification:_identify(jax_ws/log) by extensions ['ignore', 'ignore_ament_install']
[0.195s] Level 1:colcon.colcon_core.package_identification:_identify(jax_ws/log) by extension 'ignore'
[0.195s] Level 1:colcon.colcon_core.package_identification:_identify(jax_ws/log) ignored
[0.195s] Level 1:colcon.colcon_core.package_identification:_identify(jax_ws/src) by extensions ['ignore', 'ignore_ament_install']
[0.195s] Level 1:colcon.colcon_core.package_identification:_identify(jax_ws/src) by extension 'ignore'
[0.195s] Level 1:colcon.colcon_core.package_identification:_identify(jax_ws/src) by extension 'ignore_ament_install'
[0.195s] Level 1:colcon.colcon_core.package_identification:_identify(jax_ws/src) by extensions ['colcon_pkg']
[0.195s] Level 1:colcon.colcon_core.package_identification:_identify(jax_ws/src) by extension 'colcon_pkg'
[0.195s] Level 1:colcon.colcon_core.package_identification:_identify(jax_ws/src) by extensions ['colcon_meta']
[0.195s] Level 1:colcon.colcon_core.package_identification:_identify(jax_ws/src) by extension 'colcon_meta'
[0.195s] Level 1:colcon.colcon_core.package_identification:_identify(jax_ws/src) by extensions ['ros']
[0.195s] Level 1:colcon.colcon_core.package_identification:_identify(jax_ws/src) by extension 'ros'
[0.195s] Level 1:colcon.colcon_core.package_identification:_identify(jax_ws/src) by extensions ['cmake', 'python']
[0.195s] Level 1:colcon.colcon_core.package_identification:_identify(jax_ws/src) by extension 'cmake'
[0.195s] Level 1:colcon.colcon_core.package_identification:_identify(jax_ws/src) by extension 'python'
[0.195s] Level 1:colcon.colcon_core.package_identification:_identify(jax_ws/src) by extensions ['python_setup_py']
[0.195s] Level 1:colcon.colcon_core.package_identification:_identify(jax_ws/src) by extension 'python_setup_py'
[0.195s] Level 1:colcon.colcon_core.package_identification:_identify(jax_ws/src/jax_description) by extensions ['ignore', 'ignore_ament_install']
[0.195s] Level 1:colcon.colcon_core.package_identification:_identify(jax_ws/src/jax_description) by extension 'ignore'
[0.195s] Level 1:colcon.colcon_core.package_identification:_identify(jax_ws/src/jax_description) by extension 'ignore_ament_install'
[0.195s] Level 1:colcon.colcon_core.package_identification:_identify(jax_ws/src/jax_description) by extensions ['colcon_pkg']
[0.195s] Level 1:colcon.colcon_core.package_identification:_identify(jax_ws/src/jax_description) by extension 'colcon_pkg'
[0.195s] Level 1:colcon.colcon_core.package_identification:_identify(jax_ws/src/jax_description) by extensions ['colcon_meta']
[0.195s] Level 1:colcon.colcon_core.package_identification:_identify(jax_ws/src/jax_description) by extension 'colcon_meta'
[0.195s] Level 1:colcon.colcon_core.package_identification:_identify(jax_ws/src/jax_description) by extensions ['ros']
[0.195s] Level 1:colcon.colcon_core.package_identification:_identify(jax_ws/src/jax_description) by extension 'ros'
[0.197s] DEBUG:colcon.colcon_core.package_identification:Package 'jax_ws/src/jax_description' with type 'ros.ament_python' and name 'jax_description'
[0.197s] Level 1:colcon.colcon_core.package_identification:_identify(jax_ws/src/jax_servo_interfacing) by extensions ['ignore', 'ignore_ament_install']
[0.197s] Level 1:colcon.colcon_core.package_identification:_identify(jax_ws/src/jax_servo_interfacing) by extension 'ignore'
[0.197s] Level 1:colcon.colcon_core.package_identification:_identify(jax_ws/src/jax_servo_interfacing) by extension 'ignore_ament_install'
[0.197s] Level 1:colcon.colcon_core.package_identification:_identify(jax_ws/src/jax_servo_interfacing) by extensions ['colcon_pkg']
[0.197s] Level 1:colcon.colcon_core.package_identification:_identify(jax_ws/src/jax_servo_interfacing) by extension 'colcon_pkg'
[0.197s] Level 1:colcon.colcon_core.package_identification:_identify(jax_ws/src/jax_servo_interfacing) by extensions ['colcon_meta']
[0.197s] Level 1:colcon.colcon_core.package_identification:_identify(jax_ws/src/jax_servo_interfacing) by extension 'colcon_meta'
[0.197s] Level 1:colcon.colcon_core.package_identification:_identify(jax_ws/src/jax_servo_interfacing) by extensions ['ros']
[0.197s] Level 1:colcon.colcon_core.package_identification:_identify(jax_ws/src/jax_servo_interfacing) by extension 'ros'
[0.197s] DEBUG:colcon.colcon_core.package_identification:Package 'jax_ws/src/jax_servo_interfacing' with type 'ros.ament_python' and name 'jax_servo_interfacing'
[0.197s] Level 1:colcon.colcon_core.package_identification:_identify(log) by extensions ['ignore', 'ignore_ament_install']
[0.197s] Level 1:colcon.colcon_core.package_identification:_identify(log) by extension 'ignore'
[0.197s] Level 1:colcon.colcon_core.package_identification:_identify(log) ignored
[0.197s] Level 1:colcon.colcon_core.package_discovery:discover_packages(recursive) using defaults
[0.197s] Level 1:colcon.colcon_core.package_discovery:discover_packages(ignore) discover
[0.197s] Level 1:colcon.colcon_core.package_discovery:discover_packages(ignore) using defaults
[0.197s] Level 1:colcon.colcon_core.package_discovery:discover_packages(path) discover
[0.197s] Level 1:colcon.colcon_core.package_discovery:discover_packages(path) using defaults
[0.210s] Level 1:colcon.colcon_core.package_discovery:discover_packages(prefix_path) check parameters
[0.210s] Level 1:colcon.colcon_core.package_discovery:discover_packages(prefix_path) discover
[0.211s] DEBUG:colcon.colcon_installed_package_information.package_discovery:Found 275 installed packages in /opt/ros/humble
[0.212s] Level 1:colcon.colcon_core.package_discovery:discover_packages(prefix_path) using defaults
[0.239s] Level 5:colcon.colcon_core.verb:set package 'jax_description' build argument 'cmake_args' from command line to 'None'
[0.239s] Level 5:colcon.colcon_core.verb:set package 'jax_description' build argument 'cmake_target' from command line to 'None'
[0.239s] Level 5:colcon.colcon_core.verb:set package 'jax_description' build argument 'cmake_target_skip_unavailable' from command line to 'False'
[0.239s] Level 5:colcon.colcon_core.verb:set package 'jax_description' build argument 'cmake_clean_cache' from command line to 'False'
[0.239s] Level 5:colcon.colcon_core.verb:set package 'jax_description' build argument 'cmake_clean_first' from command line to 'False'
[0.239s] Level 5:colcon.colcon_core.verb:set package 'jax_description' build argument 'cmake_force_configure' from command line to 'False'
[0.239s] Level 5:colcon.colcon_core.verb:set package 'jax_description' build argument 'ament_cmake_args' from command line to 'None'
[0.239s] Level 5:colcon.colcon_core.verb:set package 'jax_description' build argument 'catkin_cmake_args' from command line to 'None'
[0.239s] Level 5:colcon.colcon_core.verb:set package 'jax_description' build argument 'catkin_skip_building_tests' from command line to 'False'
[0.239s] DEBUG:colcon.colcon_core.verb:Building package 'jax_description' with the following arguments: {'ament_cmake_args': None, 'build_base': '/home/tdp378/Jax_Quadruped_ros2/build/jax_description', 'catkin_cmake_args': None, 'catkin_skip_building_tests': False, 'cmake_args': None, 'cmake_clean_cache': False, 'cmake_clean_first': False, 'cmake_force_configure': False, 'cmake_target': None, 'cmake_target_skip_unavailable': False, 'install_base': '/home/tdp378/Jax_Quadruped_ros2/install/jax_description', 'merge_install': False, 'path': '/home/tdp378/Jax_Quadruped_ros2/jax_ws/src/jax_description', 'symlink_install': False, 'test_result_base': None}
[0.240s] Level 5:colcon.colcon_core.verb:set package 'jax_servo_interfacing' build argument 'cmake_args' from command line to 'None'
[0.240s] Level 5:colcon.colcon_core.verb:set package 'jax_servo_interfacing' build argument 'cmake_target' from command line to 'None'
[0.240s] Level 5:colcon.colcon_core.verb:set package 'jax_servo_interfacing' build argument 'cmake_target_skip_unavailable' from command line to 'False'
[0.240s] Level 5:colcon.colcon_core.verb:set package 'jax_servo_interfacing' build argument 'cmake_clean_cache' from command line to 'False'
[0.240s] Level 5:colcon.colcon_core.verb:set package 'jax_servo_interfacing' build argument 'cmake_clean_first' from command line to 'False'
[0.240s] Level 5:colcon.colcon_core.verb:set package 'jax_servo_interfacing' build argument 'cmake_force_configure' from command line to 'False'
[0.240s] Level 5:colcon.colcon_core.verb:set package 'jax_servo_interfacing' build argument 'ament_cmake_args' from command line to 'None'
[0.240s] Level 5:colcon.colcon_core.verb:set package 'jax_servo_interfacing' build argument 'catkin_cmake_args' from command line to 'None'
[0.240s] Level 5:colcon.colcon_core.verb:set package 'jax_servo_interfacing' build argument 'catkin_skip_building_tests' from command line to 'False'
[0.240s] DEBUG:colcon.colcon_core.verb:Building package 'jax_servo_interfacing' with the following arguments: {'ament_cmake_args': None, 'build_base': '/home/tdp378/Jax_Quadruped_ros2/build/jax_servo_interfacing', 'catkin_cmake_args': None, 'catkin_skip_building_tests': False, 'cmake_args': None, 'cmake_clean_cache': False, 'cmake_clean_first': False, 'cmake_force_configure': False, 'cmake_target': None, 'cmake_target_skip_unavailable': False, 'install_base': '/home/tdp378/Jax_Quadruped_ros2/install/jax_servo_interfacing', 'merge_install': False, 'path': '/home/tdp378/Jax_Quadruped_ros2/jax_ws/src/jax_servo_interfacing', 'symlink_install': False, 'test_result_base': None}
[0.240s] INFO:colcon.colcon_core.executor:Executing jobs using 'parallel' executor
[0.241s] DEBUG:colcon.colcon_parallel_executor.executor.parallel:run_until_complete
[0.241s] INFO:colcon.colcon_ros.task.ament_python.build:Building ROS package in '/home/tdp378/Jax_Quadruped_ros2/jax_ws/src/jax_description' with build type 'ament_python'
[0.241s] Level 1:colcon.colcon_core.shell:create_environment_hook('jax_description', 'ament_prefix_path')
[0.243s] INFO:colcon.colcon_core.plugin_system:Skipping extension 'colcon_core.shell.bat': Not used on non-Windows systems
[0.243s] INFO:colcon.colcon_core.shell:Creating environment hook '/home/tdp378/Jax_Quadruped_ros2/install/jax_description/share/jax_description/hook/ament_prefix_path.ps1'
[0.244s] INFO:colcon.colcon_core.shell:Creating environment descriptor '/home/tdp378/Jax_Quadruped_ros2/install/jax_description/share/jax_description/hook/ament_prefix_path.dsv'
[0.244s] INFO:colcon.colcon_core.shell:Creating environment hook '/home/tdp378/Jax_Quadruped_ros2/install/jax_description/share/jax_description/hook/ament_prefix_path.sh'
[0.245s] INFO:colcon.colcon_core.shell:Skip shell extension 'powershell' for command environment: Not usable outside of PowerShell
[0.245s] DEBUG:colcon.colcon_core.shell:Skip shell extension 'dsv' for command environment
[0.247s] INFO:colcon.colcon_ros.task.ament_python.build:Building ROS package in '/home/tdp378/Jax_Quadruped_ros2/jax_ws/src/jax_servo_interfacing' with build type 'ament_python'
[0.247s] Level 1:colcon.colcon_core.shell:create_environment_hook('jax_servo_interfacing', 'ament_prefix_path')
[0.247s] INFO:colcon.colcon_core.shell:Creating environment hook '/home/tdp378/Jax_Quadruped_ros2/install/jax_servo_interfacing/share/jax_servo_interfacing/hook/ament_prefix_path.ps1'
[0.248s] INFO:colcon.colcon_core.shell:Creating environment descriptor '/home/tdp378/Jax_Quadruped_ros2/install/jax_servo_interfacing/share/jax_servo_interfacing/hook/ament_prefix_path.dsv'
[0.248s] INFO:colcon.colcon_core.shell:Creating environment hook '/home/tdp378/Jax_Quadruped_ros2/install/jax_servo_interfacing/share/jax_servo_interfacing/hook/ament_prefix_path.sh'
[0.249s] INFO:colcon.colcon_core.shell:Skip shell extension 'powershell' for command environment: Not usable outside of PowerShell
[0.249s] DEBUG:colcon.colcon_core.shell:Skip shell extension 'dsv' for command environment
[0.399s] INFO:colcon.colcon_core.task.python.build:Building Python package in '/home/tdp378/Jax_Quadruped_ros2/jax_ws/src/jax_description'
[0.399s] INFO:colcon.colcon_core.shell:Skip shell extension 'powershell' for command environment: Not usable outside of PowerShell
[0.399s] DEBUG:colcon.colcon_core.shell:Skip shell extension 'dsv' for command environment
[0.544s] INFO:colcon.colcon_core.task.python.build:Building Python package in '/home/tdp378/Jax_Quadruped_ros2/jax_ws/src/jax_servo_interfacing'
[0.545s] INFO:colcon.colcon_core.shell:Skip shell extension 'powershell' for command environment: Not usable outside of PowerShell
[0.545s] DEBUG:colcon.colcon_core.shell:Skip shell extension 'dsv' for command environment
[0.758s] DEBUG:colcon.colcon_core.event_handler.log_command:Invoking command in '/home/tdp378/Jax_Quadruped_ros2/jax_ws/src/jax_description': PYTHONPATH=/home/tdp378/Jax_Quadruped_ros2/build/jax_description/prefix_override:/usr/lib/python3/dist-packages/colcon_core/task/python/colcon_distutils_commands:/home/tdp378/Jax_Quadruped_ros2/install/jax_description/lib/python3.10/site-packages:${PYTHONPATH} /usr/bin/python3 -W ignore:setup.py install is deprecated -W ignore:easy_install command is deprecated setup.py egg_info --egg-base ../../../build/jax_description build --build-base /home/tdp378/Jax_Quadruped_ros2/build/jax_description/build install --record /home/tdp378/Jax_Quadruped_ros2/build/jax_description/install.log --single-version-externally-managed install_data
[0.762s] DEBUG:colcon.colcon_core.event_handler.log_command:Invoking command in '/home/tdp378/Jax_Quadruped_ros2/jax_ws/src/jax_servo_interfacing': PYTHONPATH=/home/tdp378/Jax_Quadruped_ros2/build/jax_servo_interfacing/prefix_override:/usr/lib/python3/dist-packages/colcon_core/task/python/colcon_distutils_commands:/home/tdp378/Jax_Quadruped_ros2/install/jax_servo_interfacing/lib/python3.10/site-packages:${PYTHONPATH} /usr/bin/python3 -W ignore:setup.py install is deprecated -W ignore:easy_install command is deprecated setup.py egg_info --egg-base ../../../build/jax_servo_interfacing build --build-base /home/tdp378/Jax_Quadruped_ros2/build/jax_servo_interfacing/build install --record /home/tdp378/Jax_Quadruped_ros2/build/jax_servo_interfacing/install.log --single-version-externally-managed install_data
[0.929s] DEBUG:colcon.colcon_core.event_handler.log_command:Invoked command in '/home/tdp378/Jax_Quadruped_ros2/jax_ws/src/jax_description' returned '0': PYTHONPATH=/home/tdp378/Jax_Quadruped_ros2/build/jax_description/prefix_override:/usr/lib/python3/dist-packages/colcon_core/task/python/colcon_distutils_commands:/home/tdp378/Jax_Quadruped_ros2/install/jax_description/lib/python3.10/site-packages:${PYTHONPATH} /usr/bin/python3 -W ignore:setup.py install is deprecated -W ignore:easy_install command is deprecated setup.py egg_info --egg-base ../../../build/jax_description build --build-base /home/tdp378/Jax_Quadruped_ros2/build/jax_description/build install --record /home/tdp378/Jax_Quadruped_ros2/build/jax_description/install.log --single-version-externally-managed install_data
[0.930s] Level 1:colcon.colcon_core.environment:checking '/home/tdp378/Jax_Quadruped_ros2/install/jax_description' for CMake module files
[0.930s] Level 1:colcon.colcon_core.environment:checking '/home/tdp378/Jax_Quadruped_ros2/install/jax_description' for CMake config files
[0.931s] Level 1:colcon.colcon_core.environment:checking '/home/tdp378/Jax_Quadruped_ros2/install/jax_description/lib'
[0.931s] Level 1:colcon.colcon_core.environment:checking '/home/tdp378/Jax_Quadruped_ros2/install/jax_description/bin'
[0.931s] Level 1:colcon.colcon_core.environment:checking '/home/tdp378/Jax_Quadruped_ros2/install/jax_description/lib/pkgconfig/jax_description.pc'
[0.931s] Level 1:colcon.colcon_core.environment:checking '/home/tdp378/Jax_Quadruped_ros2/install/jax_description/lib/python3.10/site-packages'
[0.931s] Level 1:colcon.colcon_core.shell:create_environment_hook('jax_description', 'pythonpath')
[0.931s] INFO:colcon.colcon_core.shell:Creating environment hook '/home/tdp378/Jax_Quadruped_ros2/install/jax_description/share/jax_description/hook/pythonpath.ps1'
[0.932s] INFO:colcon.colcon_core.shell:Creating environment descriptor '/home/tdp378/Jax_Quadruped_ros2/install/jax_description/share/jax_description/hook/pythonpath.dsv'
[0.932s] INFO:colcon.colcon_core.shell:Creating environment hook '/home/tdp378/Jax_Quadruped_ros2/install/jax_description/share/jax_description/hook/pythonpath.sh'
[0.932s] Level 1:colcon.colcon_core.environment:checking '/home/tdp378/Jax_Quadruped_ros2/install/jax_description/bin'
[0.932s] Level 1:colcon.colcon_core.environment:create_environment_scripts_only(jax_description)
[0.932s] INFO:colcon.colcon_core.shell:Creating package script '/home/tdp378/Jax_Quadruped_ros2/install/jax_description/share/jax_description/package.ps1'
[0.933s] INFO:colcon.colcon_core.shell:Creating package descriptor '/home/tdp378/Jax_Quadruped_ros2/install/jax_description/share/jax_description/package.dsv'
[0.933s] INFO:colcon.colcon_core.shell:Creating package script '/home/tdp378/Jax_Quadruped_ros2/install/jax_description/share/jax_description/package.sh'
[0.933s] INFO:colcon.colcon_core.shell:Creating package script '/home/tdp378/Jax_Quadruped_ros2/install/jax_description/share/jax_description/package.bash'
[0.934s] INFO:colcon.colcon_core.shell:Creating package script '/home/tdp378/Jax_Quadruped_ros2/install/jax_description/share/jax_description/package.zsh'
[0.934s] Level 1:colcon.colcon_core.environment:create_file_with_runtime_dependencies(/home/tdp378/Jax_Quadruped_ros2/install/jax_description/share/colcon-core/packages/jax_description)
[0.936s] Level 1:colcon.colcon_core.environment:checking '/home/tdp378/Jax_Quadruped_ros2/install/jax_servo_interfacing' for CMake module files
[0.937s] DEBUG:colcon.colcon_core.event_handler.log_command:Invoked command in '/home/tdp378/Jax_Quadruped_ros2/jax_ws/src/jax_servo_interfacing' returned '0': PYTHONPATH=/home/tdp378/Jax_Quadruped_ros2/build/jax_servo_interfacing/prefix_override:/usr/lib/python3/dist-packages/colcon_core/task/python/colcon_distutils_commands:/home/tdp378/Jax_Quadruped_ros2/install/jax_servo_interfacing/lib/python3.10/site-packages:${PYTHONPATH} /usr/bin/python3 -W ignore:setup.py install is deprecated -W ignore:easy_install command is deprecated setup.py egg_info --egg-base ../../../build/jax_servo_interfacing build --build-base /home/tdp378/Jax_Quadruped_ros2/build/jax_servo_interfacing/build install --record /home/tdp378/Jax_Quadruped_ros2/build/jax_servo_interfacing/install.log --single-version-externally-managed install_data
[0.937s] Level 1:colcon.colcon_core.environment:checking '/home/tdp378/Jax_Quadruped_ros2/install/jax_servo_interfacing' for CMake config files
[0.937s] Level 1:colcon.colcon_core.environment:checking '/home/tdp378/Jax_Quadruped_ros2/install/jax_servo_interfacing/lib'
[0.937s] Level 1:colcon.colcon_core.environment:checking '/home/tdp378/Jax_Quadruped_ros2/install/jax_servo_interfacing/bin'
[0.937s] Level 1:colcon.colcon_core.environment:checking '/home/tdp378/Jax_Quadruped_ros2/install/jax_servo_interfacing/lib/pkgconfig/jax_servo_interfacing.pc'
[0.937s] Level 1:colcon.colcon_core.environment:checking '/home/tdp378/Jax_Quadruped_ros2/install/jax_servo_interfacing/lib/python3.10/site-packages'
[0.937s] Level 1:colcon.colcon_core.shell:create_environment_hook('jax_servo_interfacing', 'pythonpath')
[0.937s] INFO:colcon.colcon_core.shell:Creating environment hook '/home/tdp378/Jax_Quadruped_ros2/install/jax_servo_interfacing/share/jax_servo_interfacing/hook/pythonpath.ps1'
[0.938s] INFO:colcon.colcon_core.shell:Creating environment descriptor '/home/tdp378/Jax_Quadruped_ros2/install/jax_servo_interfacing/share/jax_servo_interfacing/hook/pythonpath.dsv'
[0.938s] INFO:colcon.colcon_core.shell:Creating environment hook '/home/tdp378/Jax_Quadruped_ros2/install/jax_servo_interfacing/share/jax_servo_interfacing/hook/pythonpath.sh'
[0.938s] Level 1:colcon.colcon_core.environment:checking '/home/tdp378/Jax_Quadruped_ros2/install/jax_servo_interfacing/bin'
[0.938s] Level 1:colcon.colcon_core.environment:create_environment_scripts_only(jax_servo_interfacing)
[0.938s] INFO:colcon.colcon_core.shell:Creating package script '/home/tdp378/Jax_Quadruped_ros2/install/jax_servo_interfacing/share/jax_servo_interfacing/package.ps1'
[0.939s] INFO:colcon.colcon_core.shell:Creating package descriptor '/home/tdp378/Jax_Quadruped_ros2/install/jax_servo_interfacing/share/jax_servo_interfacing/package.dsv'
[0.939s] INFO:colcon.colcon_core.shell:Creating package script '/home/tdp378/Jax_Quadruped_ros2/install/jax_servo_interfacing/share/jax_servo_interfacing/package.sh'
[0.939s] INFO:colcon.colcon_core.shell:Creating package script '/home/tdp378/Jax_Quadruped_ros2/install/jax_servo_interfacing/share/jax_servo_interfacing/package.bash'
[0.939s] INFO:colcon.colcon_core.shell:Creating package script '/home/tdp378/Jax_Quadruped_ros2/install/jax_servo_interfacing/share/jax_servo_interfacing/package.zsh'
[0.939s] Level 1:colcon.colcon_core.environment:create_file_with_runtime_dependencies(/home/tdp378/Jax_Quadruped_ros2/install/jax_servo_interfacing/share/colcon-core/packages/jax_servo_interfacing)
[0.940s] DEBUG:colcon.colcon_parallel_executor.executor.parallel:closing loop
[0.940s] DEBUG:colcon.colcon_parallel_executor.executor.parallel:loop closed
[0.940s] DEBUG:colcon.colcon_parallel_executor.executor.parallel:run_until_complete finished with '0'
[0.940s] DEBUG:colcon.colcon_core.event_reactor:joining thread
[0.963s] INFO:colcon.colcon_core.plugin_system:Skipping extension 'colcon_notification.desktop_notification.notify_send': Could not find 'notify-send'
[0.963s] INFO:colcon.colcon_core.plugin_system:Skipping extension 'colcon_notification.desktop_notification.terminal_notifier': Not used on non-Darwin systems
[0.963s] INFO:colcon.colcon_core.plugin_system:Skipping extension 'colcon_notification.desktop_notification.win32': Not used on non-Windows systems
[0.963s] INFO:colcon.colcon_notification.desktop_notification:Sending desktop notification using 'notify2'
[0.963s] DEBUG:colcon.colcon_notification.desktop_notification.notify2:Failed to initialize notify2: org.freedesktop.DBus.Error.FileNotFound: Failed to connect to socket /run/user/1000/bus: No such file or directory
[0.964s] DEBUG:colcon.colcon_core.event_reactor:joined thread
[0.964s] INFO:colcon.colcon_core.shell:Creating prefix script '/home/tdp378/Jax_Quadruped_ros2/install/local_setup.ps1'
[0.964s] INFO:colcon.colcon_core.shell:Creating prefix util module '/home/tdp378/Jax_Quadruped_ros2/install/_local_setup_util_ps1.py'
[0.965s] INFO:colcon.colcon_core.shell:Creating prefix chain script '/home/tdp378/Jax_Quadruped_ros2/install/setup.ps1'
[0.966s] INFO:colcon.colcon_core.shell:Creating prefix script '/home/tdp378/Jax_Quadruped_ros2/install/local_setup.sh'
[0.966s] INFO:colcon.colcon_core.shell:Creating prefix util module '/home/tdp378/Jax_Quadruped_ros2/install/_local_setup_util_sh.py'
[0.966s] INFO:colcon.colcon_core.shell:Creating prefix chain script '/home/tdp378/Jax_Quadruped_ros2/install/setup.sh'
[0.967s] INFO:colcon.colcon_core.shell:Creating prefix script '/home/tdp378/Jax_Quadruped_ros2/install/local_setup.bash'
[0.967s] INFO:colcon.colcon_core.shell:Creating prefix chain script '/home/tdp378/Jax_Quadruped_ros2/install/setup.bash'
[0.968s] INFO:colcon.colcon_core.shell:Creating prefix script '/home/tdp378/Jax_Quadruped_ros2/install/local_setup.zsh'
[0.968s] INFO:colcon.colcon_core.shell:Creating prefix chain script '/home/tdp378/Jax_Quadruped_ros2/install/setup.zsh'
